{
  "stats": {
    "suites": 18,
    "tests": 37,
    "passes": 17,
    "pending": 0,
    "failures": 20,
    "start": "2021-04-09T18:58:12.957Z",
    "end": "2021-04-09T19:00:50.018Z",
    "duration": 157061,
    "testsRegistered": 45,
    "passPercent": 37.77777777777778,
    "pendingPercent": 0,
    "other": 4,
    "hasOther": true,
    "skipped": 8,
    "hasSkipped": true
  },
  "results": [
    {
      "uuid": "3d87e61b-0dab-48c5-8b6e-c35f3073b322",
      "title": "",
      "fullFile": "",
      "file": "",
      "beforeHooks": [],
      "afterHooks": [],
      "tests": [],
      "suites": [
        {
          "uuid": "9854c154-bf65-49a6-8007-70f394094509",
          "title": "1 - [TELA DE LOGIN] Crie a tela de login, onde a pessoa que joga deve preencher as informações para iniciar um jogo",
          "fullFile": "",
          "file": "",
          "beforeHooks": [],
          "afterHooks": [],
          "tests": [
            {
              "title": "Escreve o nome da pessoa jogadora",
              "fullTitle": "1 - [TELA DE LOGIN] Crie a tela de login, onde a pessoa que joga deve preencher as informações para iniciar um jogo Escreve o nome da pessoa jogadora",
              "timedOut": null,
              "duration": 1090,
              "state": "passed",
              "speed": "slow",
              "pass": true,
              "fail": false,
              "pending": false,
              "context": null,
              "code": "cy.get(INPUT_PLAYER_NAME_SELECTOR).type('Nome da pessoa');",
              "err": {},
              "uuid": "e4e19768-bc97-434d-9dfe-73631f374767",
              "parentUUID": "9854c154-bf65-49a6-8007-70f394094509",
              "isHook": false,
              "skipped": false
            },
            {
              "title": "Escreve o email da pessoa jogadora",
              "fullTitle": "1 - [TELA DE LOGIN] Crie a tela de login, onde a pessoa que joga deve preencher as informações para iniciar um jogo Escreve o email da pessoa jogadora",
              "timedOut": null,
              "duration": 519,
              "state": "passed",
              "speed": "slow",
              "pass": true,
              "fail": false,
              "pending": false,
              "context": null,
              "code": "cy.get(INPUT_PLAYER_EMAIL_SELECTOR).type('email@pessoa.com');",
              "err": {},
              "uuid": "f004376c-ddec-4c07-b8e8-a2ccd38864da",
              "parentUUID": "9854c154-bf65-49a6-8007-70f394094509",
              "isHook": false,
              "skipped": false
            },
            {
              "title": "Botão Jogar desabilitado quando pessoa jogadora não preencher nenhum campo",
              "fullTitle": "1 - [TELA DE LOGIN] Crie a tela de login, onde a pessoa que joga deve preencher as informações para iniciar um jogo Botão Jogar desabilitado quando pessoa jogadora não preencher nenhum campo",
              "timedOut": null,
              "duration": 94,
              "state": "passed",
              "speed": "slow",
              "pass": true,
              "fail": false,
              "pending": false,
              "context": null,
              "code": "cy.get(BUTTON_PLAY_SELECTOR).should('be.disabled');",
              "err": {},
              "uuid": "eb897a21-2ab9-4aa2-9872-36a82a1b21a3",
              "parentUUID": "9854c154-bf65-49a6-8007-70f394094509",
              "isHook": false,
              "skipped": false
            },
            {
              "title": "Botão Jogar desabilitado quando pessoa jogadora escrever apenas o nome",
              "fullTitle": "1 - [TELA DE LOGIN] Crie a tela de login, onde a pessoa que joga deve preencher as informações para iniciar um jogo Botão Jogar desabilitado quando pessoa jogadora escrever apenas o nome",
              "timedOut": null,
              "duration": 396,
              "state": "passed",
              "speed": "slow",
              "pass": true,
              "fail": false,
              "pending": false,
              "context": null,
              "code": "cy.get(INPUT_PLAYER_NAME_SELECTOR).type('Nome da pessoa');\ncy.get(BUTTON_PLAY_SELECTOR).should('be.disabled');",
              "err": {},
              "uuid": "25bd99a5-602b-4664-a500-4e5f88caabbe",
              "parentUUID": "9854c154-bf65-49a6-8007-70f394094509",
              "isHook": false,
              "skipped": false
            },
            {
              "title": "Botão Jogar desabilitado quando pessoa jogadora escrever apenas o email",
              "fullTitle": "1 - [TELA DE LOGIN] Crie a tela de login, onde a pessoa que joga deve preencher as informações para iniciar um jogo Botão Jogar desabilitado quando pessoa jogadora escrever apenas o email",
              "timedOut": null,
              "duration": 473,
              "state": "passed",
              "speed": "slow",
              "pass": true,
              "fail": false,
              "pending": false,
              "context": null,
              "code": "cy.get(INPUT_PLAYER_EMAIL_SELECTOR).type('email@pessoa.com');\ncy.get(BUTTON_PLAY_SELECTOR).should('be.disabled');",
              "err": {},
              "uuid": "ba8d9d38-1445-4133-ba7e-9dbb2bca1b1e",
              "parentUUID": "9854c154-bf65-49a6-8007-70f394094509",
              "isHook": false,
              "skipped": false
            },
            {
              "title": "Botão Jogar habilitado quando pessoa jogadora preencher os campos de nome e email",
              "fullTitle": "1 - [TELA DE LOGIN] Crie a tela de login, onde a pessoa que joga deve preencher as informações para iniciar um jogo Botão Jogar habilitado quando pessoa jogadora preencher os campos de nome e email",
              "timedOut": null,
              "duration": 785,
              "state": "passed",
              "speed": "slow",
              "pass": true,
              "fail": false,
              "pending": false,
              "context": null,
              "code": "cy.get(INPUT_PLAYER_NAME_SELECTOR).type('Nome da pessoa');\ncy.get(INPUT_PLAYER_EMAIL_SELECTOR).type('email@pessoa.com');\ncy.get(BUTTON_PLAY_SELECTOR).should('not.be.disabled');",
              "err": {},
              "uuid": "dcbedfb9-8152-4aca-90f8-1055946552ec",
              "parentUUID": "9854c154-bf65-49a6-8007-70f394094509",
              "isHook": false,
              "skipped": false
            }
          ],
          "suites": [],
          "passes": [
            "e4e19768-bc97-434d-9dfe-73631f374767",
            "f004376c-ddec-4c07-b8e8-a2ccd38864da",
            "eb897a21-2ab9-4aa2-9872-36a82a1b21a3",
            "25bd99a5-602b-4664-a500-4e5f88caabbe",
            "ba8d9d38-1445-4133-ba7e-9dbb2bca1b1e",
            "dcbedfb9-8152-4aca-90f8-1055946552ec"
          ],
          "failures": [],
          "pending": [],
          "skipped": [],
          "duration": 3357,
          "root": false,
          "rootEmpty": false,
          "_timeout": 2000
        },
        {
          "uuid": "8a8dbe4f-7411-4cad-a9ef-ccab2e0d3a85",
          "title": "2 - [TELA DE LOGIN] Crie o botão de iniciar o jogo",
          "fullFile": "",
          "file": "",
          "beforeHooks": [],
          "afterHooks": [],
          "tests": [
            {
              "title": "Inicia jogo salvando um token de jogador",
              "fullTitle": "2 - [TELA DE LOGIN] Crie o botão de iniciar o jogo Inicia jogo salvando um token de jogador",
              "timedOut": null,
              "duration": 1588,
              "state": "passed",
              "speed": "slow",
              "pass": true,
              "fail": false,
              "pending": false,
              "context": null,
              "code": "cy.get(INPUT_PLAYER_NAME_SELECTOR).type('Nome da pessoa');\ncy.get(INPUT_PLAYER_EMAIL_SELECTOR).type('email@pessoa.com');\ncy.get(BUTTON_PLAY_SELECTOR).click().should(function () {\n  expect(localStorage.getItem(TOKEN_KEY)).not.to.be.null;\n});",
              "err": {},
              "uuid": "22e7a5e3-34e8-47b3-ab20-8c276421b40b",
              "parentUUID": "8a8dbe4f-7411-4cad-a9ef-ccab2e0d3a85",
              "isHook": false,
              "skipped": false
            }
          ],
          "suites": [],
          "passes": [
            "22e7a5e3-34e8-47b3-ab20-8c276421b40b"
          ],
          "failures": [],
          "pending": [],
          "skipped": [],
          "duration": 1588,
          "root": false,
          "rootEmpty": false,
          "_timeout": 2000
        },
        {
          "uuid": "7d9c2dea-0b71-4317-bf46-a05fd975556c",
          "title": "3 - [TELA DE LOGIN] Crie um botão na tela inicial que leve para a tela de configurações",
          "fullFile": "",
          "file": "",
          "beforeHooks": [],
          "afterHooks": [],
          "tests": [
            {
              "title": "O botão deve existir na página",
              "fullTitle": "3 - [TELA DE LOGIN] Crie um botão na tela inicial que leve para a tela de configurações O botão deve existir na página",
              "timedOut": null,
              "duration": 117,
              "state": "passed",
              "speed": "slow",
              "pass": true,
              "fail": false,
              "pending": false,
              "context": null,
              "code": "cy.get(BUTTON_SETTINGS_SELECTOR).should('exist');",
              "err": {},
              "uuid": "96ddb454-4c5d-413d-b016-efb4fc4009f8",
              "parentUUID": "7d9c2dea-0b71-4317-bf46-a05fd975556c",
              "isHook": false,
              "skipped": false
            },
            {
              "title": "A tela de configurações deve possuir um título",
              "fullTitle": "3 - [TELA DE LOGIN] Crie um botão na tela inicial que leve para a tela de configurações A tela de configurações deve possuir um título",
              "timedOut": null,
              "duration": 154,
              "state": "passed",
              "speed": "slow",
              "pass": true,
              "fail": false,
              "pending": false,
              "context": null,
              "code": "cy.get(BUTTON_SETTINGS_SELECTOR).click();\ncy.get(SETTINGS_TITLE_SELECTOR).should('exist');",
              "err": {},
              "uuid": "f5afb0b9-f5df-498c-9410-92dba702e545",
              "parentUUID": "7d9c2dea-0b71-4317-bf46-a05fd975556c",
              "isHook": false,
              "skipped": false
            }
          ],
          "suites": [],
          "passes": [
            "96ddb454-4c5d-413d-b016-efb4fc4009f8",
            "f5afb0b9-f5df-498c-9410-92dba702e545"
          ],
          "failures": [],
          "pending": [],
          "skipped": [],
          "duration": 271,
          "root": false,
          "rootEmpty": false,
          "_timeout": 2000
        },
        {
          "uuid": "887535cd-5f13-40d7-849b-fdd2c18da9b0",
          "title": "4 - [TELA DE JOGO] Crie um _header_ que deve conter as informações da pessoa jogadora",
          "fullFile": "",
          "file": "",
          "beforeHooks": [],
          "afterHooks": [],
          "tests": [
            {
              "title": "A imagem do Gravatar está presente no header",
              "fullTitle": "4 - [TELA DE JOGO] Crie um _header_ que deve conter as informações da pessoa jogadora A imagem do Gravatar está presente no header",
              "timedOut": null,
              "duration": 977,
              "state": "passed",
              "speed": "slow",
              "pass": true,
              "fail": false,
              "pending": false,
              "context": null,
              "code": "cy.get(HEADER_IMAGE_SELECTOR).should('exist');",
              "err": {},
              "uuid": "355ff59e-9810-4b43-914c-275ab15b7cd7",
              "parentUUID": "887535cd-5f13-40d7-849b-fdd2c18da9b0",
              "isHook": false,
              "skipped": false
            },
            {
              "title": "O nome da pessoa está presente no header",
              "fullTitle": "4 - [TELA DE JOGO] Crie um _header_ que deve conter as informações da pessoa jogadora O nome da pessoa está presente no header",
              "timedOut": null,
              "duration": 891,
              "state": "passed",
              "speed": "slow",
              "pass": true,
              "fail": false,
              "pending": false,
              "context": null,
              "code": "cy.get(HEADER_NAME_SELECTOR).contains(name);",
              "err": {},
              "uuid": "1ec95661-4482-4934-a8f3-fc584fbd7e9c",
              "parentUUID": "887535cd-5f13-40d7-849b-fdd2c18da9b0",
              "isHook": false,
              "skipped": false
            },
            {
              "title": "O placar zerado está presente no header",
              "fullTitle": "4 - [TELA DE JOGO] Crie um _header_ que deve conter as informações da pessoa jogadora O placar zerado está presente no header",
              "timedOut": null,
              "duration": 811,
              "state": "passed",
              "speed": "slow",
              "pass": true,
              "fail": false,
              "pending": false,
              "context": null,
              "code": "cy.get(HEADER_SCORE_SELECTOR).contains('0');",
              "err": {},
              "uuid": "81982700-35aa-4fa5-8810-6f7d639614f8",
              "parentUUID": "887535cd-5f13-40d7-849b-fdd2c18da9b0",
              "isHook": false,
              "skipped": false
            }
          ],
          "suites": [],
          "passes": [
            "355ff59e-9810-4b43-914c-275ab15b7cd7",
            "1ec95661-4482-4934-a8f3-fc584fbd7e9c",
            "81982700-35aa-4fa5-8810-6f7d639614f8"
          ],
          "failures": [],
          "pending": [],
          "skipped": [],
          "duration": 2679,
          "root": false,
          "rootEmpty": false,
          "_timeout": 2000
        },
        {
          "uuid": "8c92d7ec-356a-4c96-8b87-c434481f7c03",
          "title": "5 - [TELA DE JOGO] Crie a página de jogo que deve conter as informações relacionadas à pergunta",
          "fullFile": "",
          "file": "",
          "beforeHooks": [],
          "afterHooks": [],
          "tests": [
            {
              "title": "A categoria da pergunta está presente",
              "fullTitle": "5 - [TELA DE JOGO] Crie a página de jogo que deve conter as informações relacionadas à pergunta A categoria da pergunta está presente",
              "timedOut": null,
              "duration": 1198,
              "state": "passed",
              "speed": "slow",
              "pass": true,
              "fail": false,
              "pending": false,
              "context": null,
              "code": "cy.get(QUESTION_CATEGORY_SELECTOR).should('exist');",
              "err": {},
              "uuid": "be52e847-72a6-4907-8421-c048a18d227f",
              "parentUUID": "8c92d7ec-356a-4c96-8b87-c434481f7c03",
              "isHook": false,
              "skipped": false
            },
            {
              "title": "O texto da pergunta está presente",
              "fullTitle": "5 - [TELA DE JOGO] Crie a página de jogo que deve conter as informações relacionadas à pergunta O texto da pergunta está presente",
              "timedOut": null,
              "duration": 1237,
              "state": "passed",
              "speed": "slow",
              "pass": true,
              "fail": false,
              "pending": false,
              "context": null,
              "code": "cy.get(QUESTION_TEXT_SELECTOR).should('exist');",
              "err": {},
              "uuid": "69266fd0-676a-482f-9dcf-20826cf2c4e2",
              "parentUUID": "8c92d7ec-356a-4c96-8b87-c434481f7c03",
              "isHook": false,
              "skipped": false
            },
            {
              "title": "As alternativas devem estar presentes",
              "fullTitle": "5 - [TELA DE JOGO] Crie a página de jogo que deve conter as informações relacionadas à pergunta As alternativas devem estar presentes",
              "timedOut": null,
              "duration": 1286,
              "state": "passed",
              "speed": "slow",
              "pass": true,
              "fail": false,
              "pending": false,
              "context": null,
              "code": "cy.get(CORRECT_ALTERNATIVE_SELECTOR).should('exist');\ncy.get(WRONG_ALTERNATIVES_SELECTOR).should('exist');",
              "err": {},
              "uuid": "300f5f04-8981-42ba-a81e-1f83db75308b",
              "parentUUID": "8c92d7ec-356a-4c96-8b87-c434481f7c03",
              "isHook": false,
              "skipped": false
            }
          ],
          "suites": [],
          "passes": [
            "be52e847-72a6-4907-8421-c048a18d227f",
            "69266fd0-676a-482f-9dcf-20826cf2c4e2",
            "300f5f04-8981-42ba-a81e-1f83db75308b"
          ],
          "failures": [],
          "pending": [],
          "skipped": [],
          "duration": 3721,
          "root": false,
          "rootEmpty": false,
          "_timeout": 2000
        },
        {
          "uuid": "492c33ee-605f-48d2-bb05-9192e1b2c2ef",
          "title": "6 - [TELA DE JOGO] Desenvolva o jogo onde só deve ser possível escolher uma resposta correta por pergunta",
          "fullFile": "",
          "file": "",
          "beforeHooks": [],
          "afterHooks": [],
          "tests": [
            {
              "title": "A quantidade de respostas corretas deve ser 1",
              "fullTitle": "6 - [TELA DE JOGO] Desenvolva o jogo onde só deve ser possível escolher uma resposta correta por pergunta A quantidade de respostas corretas deve ser 1",
              "timedOut": null,
              "duration": 10989,
              "state": "failed",
              "speed": null,
              "pass": false,
              "fail": true,
              "pending": false,
              "context": null,
              "code": "cy.get(CORRECT_ALTERNATIVE_SELECTOR).should('have.length', 1);",
              "err": {
                "message": "CypressError: Timed out retrying: Too many elements found. Found '5', expected '1'.",
                "estack": "CypressError: Timed out retrying: Too many elements found. Found '5', expected '1'.\n    at Object.cypressErr (http://localhost:3000/__cypress/runner/cypress_runner.js:86206:11)\n    at Object.throwErr (http://localhost:3000/__cypress/runner/cypress_runner.js:86161:18)\n    at Object.throwErrByPath (http://localhost:3000/__cypress/runner/cypress_runner.js:86193:17)\n    at retry (http://localhost:3000/__cypress/runner/cypress_runner.js:76849:16)\n    at onFailFn (http://localhost:3000/__cypress/runner/cypress_runner.js:65634:16)\n    at tryCatcher (http://localhost:3000/__cypress/runner/cypress_runner.js:120669:23)\n    at Promise._settlePromiseFromHandler (http://localhost:3000/__cypress/runner/cypress_runner.js:118605:31)\n    at Promise._settlePromise (http://localhost:3000/__cypress/runner/cypress_runner.js:118662:18)\n    at Promise._settlePromise0 (http://localhost:3000/__cypress/runner/cypress_runner.js:118707:10)\n    at Promise._settlePromises (http://localhost:3000/__cypress/runner/cypress_runner.js:118782:18)\n    at Async../node_modules/bluebird/js/release/async.js.Async._drainQueue (http://localhost:3000/__cypress/runner/cypress_runner.js:115394:16)\n    at Async../node_modules/bluebird/js/release/async.js.Async._drainQueues (http://localhost:3000/__cypress/runner/cypress_runner.js:115404:10)\n    at Async.drainQueues (http://localhost:3000/__cypress/runner/cypress_runner.js:115278:14)",
                "diff": null
              },
              "uuid": "82220e52-bdfb-4354-a8fb-1c9f26be7a0d",
              "parentUUID": "492c33ee-605f-48d2-bb05-9192e1b2c2ef",
              "isHook": false,
              "skipped": false
            }
          ],
          "suites": [],
          "passes": [],
          "failures": [
            "82220e52-bdfb-4354-a8fb-1c9f26be7a0d"
          ],
          "pending": [],
          "skipped": [],
          "duration": 10989,
          "root": false,
          "rootEmpty": false,
          "_timeout": 2000
        },
        {
          "uuid": "47747c95-95e3-4ad2-8f30-154b3a60e706",
          "title": "7 - [TELA DE JOGO] Desenvolva o estilo que, ao clicar em uma resposta, a correta deve ficar verde e as incorretas, vermelhas",
          "fullFile": "",
          "file": "",
          "beforeHooks": [],
          "afterHooks": [],
          "tests": [
            {
              "title": "Verifica cor da alternativa correta quando acerta a questão",
              "fullTitle": "7 - [TELA DE JOGO] Desenvolva o estilo que, ao clicar em uma resposta, a correta deve ficar verde e as incorretas, vermelhas Verifica cor da alternativa correta quando acerta a questão",
              "timedOut": null,
              "duration": 1718,
              "state": "failed",
              "speed": null,
              "pass": false,
              "fail": true,
              "pending": false,
              "context": null,
              "code": "cy.get(CORRECT_ALTERNATIVE_SELECTOR).click();\ncy.get(CORRECT_ALTERNATIVE_SELECTOR).should('have.css', 'border-color', 'rgb(6, 240, 15)');\ncy.get(CORRECT_ALTERNATIVE_SELECTOR).should('have.css', 'border-style', 'solid');\ncy.get(CORRECT_ALTERNATIVE_SELECTOR).should('have.css', 'border-width', '3px');",
              "err": {
                "message": "CypressError: cy.click() can only be called on a single element. Your subject contained 5 elements. Pass { multiple: true } if you want to serially click each element.",
                "estack": "CypressError: cy.click() can only be called on a single element. Your subject contained 5 elements. Pass { multiple: true } if you want to serially click each element.\n    at Object.cypressErr (http://localhost:3000/__cypress/runner/cypress_runner.js:86206:11)\n    at Object.throwErr (http://localhost:3000/__cypress/runner/cypress_runner.js:86161:18)\n    at Object.throwErrByPath (http://localhost:3000/__cypress/runner/cypress_runner.js:86193:17)\n    at mouseAction (http://localhost:3000/__cypress/runner/cypress_runner.js:66570:14)\n    at Context.click (http://localhost:3000/__cypress/runner/cypress_runner.js:66713:14)\n    at Context.<anonymous> (http://localhost:3000/__cypress/runner/cypress_runner.js:81414:21)\n    at http://localhost:3000/__cypress/runner/cypress_runner.js:80892:33\n    at tryCatcher (http://localhost:3000/__cypress/runner/cypress_runner.js:120669:23)\n    at Promise._settlePromiseFromHandler (http://localhost:3000/__cypress/runner/cypress_runner.js:118605:31)\n    at Promise._settlePromise (http://localhost:3000/__cypress/runner/cypress_runner.js:118662:18)\n    at Promise._settlePromiseCtx (http://localhost:3000/__cypress/runner/cypress_runner.js:118699:10)\n    at Async../node_modules/bluebird/js/release/async.js.Async._drainQueue (http://localhost:3000/__cypress/runner/cypress_runner.js:115399:12)\n    at Async../node_modules/bluebird/js/release/async.js.Async._drainQueues (http://localhost:3000/__cypress/runner/cypress_runner.js:115404:10)\n    at Async.drainQueues (http://localhost:3000/__cypress/runner/cypress_runner.js:115278:14)",
                "diff": null
              },
              "uuid": "1c60f9fd-d8f5-4486-83bf-e0b689e46366",
              "parentUUID": "47747c95-95e3-4ad2-8f30-154b3a60e706",
              "isHook": false,
              "skipped": false
            },
            {
              "title": "Verifica a cor das alternativas incorretas quando acerta a questão",
              "fullTitle": "7 - [TELA DE JOGO] Desenvolva o estilo que, ao clicar em uma resposta, a correta deve ficar verde e as incorretas, vermelhas Verifica a cor das alternativas incorretas quando acerta a questão",
              "timedOut": null,
              "duration": 1254,
              "state": "failed",
              "speed": null,
              "pass": false,
              "fail": true,
              "pending": false,
              "context": null,
              "code": "cy.get(CORRECT_ALTERNATIVE_SELECTOR).click();\ncy.get(WRONG_ALTERNATIVES_SELECTOR).should('have.css', 'border-color', 'rgb(255, 0, 0)');\ncy.get(WRONG_ALTERNATIVES_SELECTOR).should('have.css', 'border-style', 'solid');\ncy.get(WRONG_ALTERNATIVES_SELECTOR).should('have.css', 'border-width', '3px');",
              "err": {
                "message": "CypressError: cy.click() can only be called on a single element. Your subject contained 5 elements. Pass { multiple: true } if you want to serially click each element.",
                "estack": "CypressError: cy.click() can only be called on a single element. Your subject contained 5 elements. Pass { multiple: true } if you want to serially click each element.\n    at Object.cypressErr (http://localhost:3000/__cypress/runner/cypress_runner.js:86206:11)\n    at Object.throwErr (http://localhost:3000/__cypress/runner/cypress_runner.js:86161:18)\n    at Object.throwErrByPath (http://localhost:3000/__cypress/runner/cypress_runner.js:86193:17)\n    at mouseAction (http://localhost:3000/__cypress/runner/cypress_runner.js:66570:14)\n    at Context.click (http://localhost:3000/__cypress/runner/cypress_runner.js:66713:14)\n    at Context.<anonymous> (http://localhost:3000/__cypress/runner/cypress_runner.js:81414:21)\n    at http://localhost:3000/__cypress/runner/cypress_runner.js:80892:33\n    at tryCatcher (http://localhost:3000/__cypress/runner/cypress_runner.js:120669:23)\n    at Promise._settlePromiseFromHandler (http://localhost:3000/__cypress/runner/cypress_runner.js:118605:31)\n    at Promise._settlePromise (http://localhost:3000/__cypress/runner/cypress_runner.js:118662:18)\n    at Promise._settlePromiseCtx (http://localhost:3000/__cypress/runner/cypress_runner.js:118699:10)\n    at Async../node_modules/bluebird/js/release/async.js.Async._drainQueue (http://localhost:3000/__cypress/runner/cypress_runner.js:115399:12)\n    at Async../node_modules/bluebird/js/release/async.js.Async._drainQueues (http://localhost:3000/__cypress/runner/cypress_runner.js:115404:10)\n    at Async.drainQueues (http://localhost:3000/__cypress/runner/cypress_runner.js:115278:14)",
                "diff": null
              },
              "uuid": "43f7f5d0-9ab0-4f0f-9226-672d1fe1cc0c",
              "parentUUID": "47747c95-95e3-4ad2-8f30-154b3a60e706",
              "isHook": false,
              "skipped": false
            },
            {
              "title": "Verifica cor da alternativa correta quando erra a questão",
              "fullTitle": "7 - [TELA DE JOGO] Desenvolva o estilo que, ao clicar em uma resposta, a correta deve ficar verde e as incorretas, vermelhas Verifica cor da alternativa correta quando erra a questão",
              "timedOut": null,
              "duration": 11324,
              "state": "failed",
              "speed": null,
              "pass": false,
              "fail": true,
              "pending": false,
              "context": null,
              "code": "cy.get(WRONG_ALTERNATIVES_SELECTOR).first().click();\ncy.get(CORRECT_ALTERNATIVE_SELECTOR).should('have.css', 'border-color', 'rgb(6, 240, 15)');\ncy.get(CORRECT_ALTERNATIVE_SELECTOR).should('have.css', 'border-style', 'solid');\ncy.get(CORRECT_ALTERNATIVE_SELECTOR).should('have.css', 'border-width', '3px');",
              "err": {
                "message": "CypressError: Timed out retrying: expected '[ <button>, 4 more... ]' to have CSS property 'border-color' with the value 'rgb(6, 240, 15)', but the value was 'rgb(221, 221, 221)'",
                "estack": "CypressError: Timed out retrying: expected '[ <button>, 4 more... ]' to have CSS property 'border-color' with the value 'rgb(6, 240, 15)', but the value was 'rgb(221, 221, 221)'\n    at Object.cypressErr (http://localhost:3000/__cypress/runner/cypress_runner.js:86206:11)\n    at Object.throwErr (http://localhost:3000/__cypress/runner/cypress_runner.js:86161:18)\n    at Object.throwErrByPath (http://localhost:3000/__cypress/runner/cypress_runner.js:86193:17)\n    at retry (http://localhost:3000/__cypress/runner/cypress_runner.js:76849:16)\n    at onFailFn (http://localhost:3000/__cypress/runner/cypress_runner.js:65634:16)\n    at tryCatcher (http://localhost:3000/__cypress/runner/cypress_runner.js:120669:23)\n    at Promise._settlePromiseFromHandler (http://localhost:3000/__cypress/runner/cypress_runner.js:118605:31)\n    at Promise._settlePromise (http://localhost:3000/__cypress/runner/cypress_runner.js:118662:18)\n    at Promise._settlePromise0 (http://localhost:3000/__cypress/runner/cypress_runner.js:118707:10)\n    at Promise._settlePromises (http://localhost:3000/__cypress/runner/cypress_runner.js:118782:18)\n    at Async../node_modules/bluebird/js/release/async.js.Async._drainQueue (http://localhost:3000/__cypress/runner/cypress_runner.js:115394:16)\n    at Async../node_modules/bluebird/js/release/async.js.Async._drainQueues (http://localhost:3000/__cypress/runner/cypress_runner.js:115404:10)\n    at Async.drainQueues (http://localhost:3000/__cypress/runner/cypress_runner.js:115278:14)",
                "diff": null
              },
              "uuid": "62fd5387-f30c-4649-bd01-30ee4b2ca097",
              "parentUUID": "47747c95-95e3-4ad2-8f30-154b3a60e706",
              "isHook": false,
              "skipped": false
            },
            {
              "title": "Verifica a cor das alternativas incorretas quando erra a questão",
              "fullTitle": "7 - [TELA DE JOGO] Desenvolva o estilo que, ao clicar em uma resposta, a correta deve ficar verde e as incorretas, vermelhas Verifica a cor das alternativas incorretas quando erra a questão",
              "timedOut": null,
              "duration": 1575,
              "state": "passed",
              "speed": "slow",
              "pass": true,
              "fail": false,
              "pending": false,
              "context": null,
              "code": "cy.get(WRONG_ALTERNATIVES_SELECTOR).first().click();\ncy.get(WRONG_ALTERNATIVES_SELECTOR).should('have.css', 'border-color', 'rgb(255, 0, 0)');\ncy.get(WRONG_ALTERNATIVES_SELECTOR).should('have.css', 'border-style', 'solid');\ncy.get(WRONG_ALTERNATIVES_SELECTOR).should('have.css', 'border-width', '3px');",
              "err": {},
              "uuid": "450966ff-1ec6-42fc-be74-0e8aafee3b7a",
              "parentUUID": "47747c95-95e3-4ad2-8f30-154b3a60e706",
              "isHook": false,
              "skipped": false
            }
          ],
          "suites": [],
          "passes": [
            "450966ff-1ec6-42fc-be74-0e8aafee3b7a"
          ],
          "failures": [
            "1c60f9fd-d8f5-4486-83bf-e0b689e46366",
            "43f7f5d0-9ab0-4f0f-9226-672d1fe1cc0c",
            "62fd5387-f30c-4649-bd01-30ee4b2ca097"
          ],
          "pending": [],
          "skipped": [],
          "duration": 15871,
          "root": false,
          "rootEmpty": false,
          "_timeout": 2000
        },
        {
          "uuid": "34997e08-3faa-476b-a01b-04f89397f0b4",
          "title": "8 - [TELA DE JOGO] Desenvolva um timer onde a pessoa que joga tem 30 segundos para responder",
          "fullFile": "",
          "file": "",
          "beforeHooks": [],
          "afterHooks": [],
          "tests": [
            {
              "title": "Aguarda 5 segundos e responde a alternativa correta",
              "fullTitle": "8 - [TELA DE JOGO] Desenvolva um timer onde a pessoa que joga tem 30 segundos para responder Aguarda 5 segundos e responde a alternativa correta",
              "timedOut": null,
              "duration": 6107,
              "state": "failed",
              "speed": null,
              "pass": false,
              "fail": true,
              "pending": false,
              "context": null,
              "code": "cy.wait(5000);\ncy.get(CORRECT_ALTERNATIVE_SELECTOR).should('not.be.disabled').click();",
              "err": {
                "message": "CypressError: cy.click() can only be called on a single element. Your subject contained 5 elements. Pass { multiple: true } if you want to serially click each element.",
                "estack": "CypressError: cy.click() can only be called on a single element. Your subject contained 5 elements. Pass { multiple: true } if you want to serially click each element.\n    at Object.cypressErr (http://localhost:3000/__cypress/runner/cypress_runner.js:86206:11)\n    at Object.throwErr (http://localhost:3000/__cypress/runner/cypress_runner.js:86161:18)\n    at Object.throwErrByPath (http://localhost:3000/__cypress/runner/cypress_runner.js:86193:17)\n    at mouseAction (http://localhost:3000/__cypress/runner/cypress_runner.js:66570:14)\n    at Context.click (http://localhost:3000/__cypress/runner/cypress_runner.js:66713:14)\n    at Context.<anonymous> (http://localhost:3000/__cypress/runner/cypress_runner.js:81414:21)\n    at http://localhost:3000/__cypress/runner/cypress_runner.js:80892:33\n    at tryCatcher (http://localhost:3000/__cypress/runner/cypress_runner.js:120669:23)\n    at Promise._settlePromiseFromHandler (http://localhost:3000/__cypress/runner/cypress_runner.js:118605:31)\n    at Promise._settlePromise (http://localhost:3000/__cypress/runner/cypress_runner.js:118662:18)\n    at Promise._settlePromiseCtx (http://localhost:3000/__cypress/runner/cypress_runner.js:118699:10)\n    at Async../node_modules/bluebird/js/release/async.js.Async._drainQueue (http://localhost:3000/__cypress/runner/cypress_runner.js:115399:12)\n    at Async../node_modules/bluebird/js/release/async.js.Async._drainQueues (http://localhost:3000/__cypress/runner/cypress_runner.js:115404:10)\n    at Async.drainQueues (http://localhost:3000/__cypress/runner/cypress_runner.js:115278:14)",
                "diff": null
              },
              "uuid": "5b4e8726-5ba9-43ff-b440-ad19bc46f317",
              "parentUUID": "34997e08-3faa-476b-a01b-04f89397f0b4",
              "isHook": false,
              "skipped": false
            },
            {
              "title": "Aguarda mais de 30 segundos para responder",
              "fullTitle": "8 - [TELA DE JOGO] Desenvolva um timer onde a pessoa que joga tem 30 segundos para responder Aguarda mais de 30 segundos para responder",
              "timedOut": null,
              "duration": 44104,
              "state": "failed",
              "speed": null,
              "pass": false,
              "fail": true,
              "pending": false,
              "context": null,
              "code": "cy.wait(32000);\ncy.get(CORRECT_ALTERNATIVE_SELECTOR).should('be.disabled');",
              "err": {
                "message": "CypressError: Timed out retrying: Expected to find element: '[data-testid=\"correct-answer\"]', but never found it.",
                "estack": "CypressError: Timed out retrying: Expected to find element: '[data-testid=\"correct-answer\"]', but never found it.\n    at Object.cypressErr (http://localhost:3000/__cypress/runner/cypress_runner.js:86206:11)\n    at Object.throwErr (http://localhost:3000/__cypress/runner/cypress_runner.js:86161:18)\n    at Object.throwErrByPath (http://localhost:3000/__cypress/runner/cypress_runner.js:86193:17)\n    at retry (http://localhost:3000/__cypress/runner/cypress_runner.js:76849:16)\n    at onFailFn (http://localhost:3000/__cypress/runner/cypress_runner.js:65634:16)\n    at tryCatcher (http://localhost:3000/__cypress/runner/cypress_runner.js:120669:23)\n    at Promise._settlePromiseFromHandler (http://localhost:3000/__cypress/runner/cypress_runner.js:118605:31)\n    at Promise._settlePromise (http://localhost:3000/__cypress/runner/cypress_runner.js:118662:18)\n    at Promise._settlePromise0 (http://localhost:3000/__cypress/runner/cypress_runner.js:118707:10)\n    at Promise._settlePromises (http://localhost:3000/__cypress/runner/cypress_runner.js:118782:18)\n    at Async../node_modules/bluebird/js/release/async.js.Async._drainQueue (http://localhost:3000/__cypress/runner/cypress_runner.js:115394:16)\n    at Async../node_modules/bluebird/js/release/async.js.Async._drainQueues (http://localhost:3000/__cypress/runner/cypress_runner.js:115404:10)\n    at Async.drainQueues (http://localhost:3000/__cypress/runner/cypress_runner.js:115278:14)",
                "diff": null
              },
              "uuid": "fa1d6942-2359-4267-b703-244f5481f669",
              "parentUUID": "34997e08-3faa-476b-a01b-04f89397f0b4",
              "isHook": false,
              "skipped": false
            }
          ],
          "suites": [],
          "passes": [],
          "failures": [
            "5b4e8726-5ba9-43ff-b440-ad19bc46f317",
            "fa1d6942-2359-4267-b703-244f5481f669"
          ],
          "pending": [],
          "skipped": [],
          "duration": 50211,
          "root": false,
          "rootEmpty": false,
          "_timeout": 2000
        },
        {
          "uuid": "b2be3881-4452-4318-a895-c3bd8cdac7cd",
          "title": "9 - [TELA DE JOGO] Crie o placar com as seguintes características:",
          "fullFile": "",
          "file": "",
          "beforeHooks": [],
          "afterHooks": [],
          "tests": [
            {
              "title": "Soma pontos ao acertar uma questão",
              "fullTitle": "9 - [TELA DE JOGO] Crie o placar com as seguintes características: Soma pontos ao acertar uma questão",
              "timedOut": null,
              "duration": 1604,
              "state": "failed",
              "speed": null,
              "pass": false,
              "fail": true,
              "pending": false,
              "context": null,
              "code": "var then = JSON.parse(localStorage.getItem(LOCAL_STORAGE_STATE_KEY));\ncy.get(CORRECT_ALTERNATIVE_SELECTOR).click().then(function () {\n  var now = JSON.parse(localStorage.getItem(LOCAL_STORAGE_STATE_KEY));\n  expect(then.player.score).to.be.lt(now.player.score);\n});",
              "err": {
                "message": "CypressError: cy.click() can only be called on a single element. Your subject contained 5 elements. Pass { multiple: true } if you want to serially click each element.",
                "estack": "CypressError: cy.click() can only be called on a single element. Your subject contained 5 elements. Pass { multiple: true } if you want to serially click each element.\n    at Object.cypressErr (http://localhost:3000/__cypress/runner/cypress_runner.js:86206:11)\n    at Object.throwErr (http://localhost:3000/__cypress/runner/cypress_runner.js:86161:18)\n    at Object.throwErrByPath (http://localhost:3000/__cypress/runner/cypress_runner.js:86193:17)\n    at mouseAction (http://localhost:3000/__cypress/runner/cypress_runner.js:66570:14)\n    at Context.click (http://localhost:3000/__cypress/runner/cypress_runner.js:66713:14)\n    at Context.<anonymous> (http://localhost:3000/__cypress/runner/cypress_runner.js:81414:21)\n    at http://localhost:3000/__cypress/runner/cypress_runner.js:80892:33\n    at tryCatcher (http://localhost:3000/__cypress/runner/cypress_runner.js:120669:23)\n    at Promise._settlePromiseFromHandler (http://localhost:3000/__cypress/runner/cypress_runner.js:118605:31)\n    at Promise._settlePromise (http://localhost:3000/__cypress/runner/cypress_runner.js:118662:18)\n    at Promise._settlePromiseCtx (http://localhost:3000/__cypress/runner/cypress_runner.js:118699:10)\n    at Async../node_modules/bluebird/js/release/async.js.Async._drainQueue (http://localhost:3000/__cypress/runner/cypress_runner.js:115399:12)\n    at Async../node_modules/bluebird/js/release/async.js.Async._drainQueues (http://localhost:3000/__cypress/runner/cypress_runner.js:115404:10)\n    at Async.drainQueues (http://localhost:3000/__cypress/runner/cypress_runner.js:115278:14)",
                "diff": null
              },
              "uuid": "e2fe05ab-45f6-4b0d-99e8-45ccb5ea6da5",
              "parentUUID": "b2be3881-4452-4318-a895-c3bd8cdac7cd",
              "isHook": false,
              "skipped": false
            },
            {
              "title": "Não soma pontos ao errar uma questão",
              "fullTitle": "9 - [TELA DE JOGO] Crie o placar com as seguintes características: Não soma pontos ao errar uma questão",
              "timedOut": null,
              "duration": 1315,
              "state": "failed",
              "speed": null,
              "pass": false,
              "fail": true,
              "pending": false,
              "context": null,
              "code": "var then = JSON.parse(localStorage.getItem(LOCAL_STORAGE_STATE_KEY));\ncy.get(WRONG_ALTERNATIVES_SELECTOR).first().click().then(function () {\n  var now = JSON.parse(localStorage.getItem(LOCAL_STORAGE_STATE_KEY));\n  expect(then.player.score).to.be.eq(now.player.score);\n});",
              "err": {
                "message": "TypeError: Cannot read property 'player' of null",
                "estack": "TypeError: Cannot read property 'player' of null\n    at Context.<anonymous> (http://localhost:3000/__cypress/tests?p=cypress/integration/project.spec.js-020:218:19)",
                "diff": null
              },
              "uuid": "3807e8a8-24ff-4b5a-bff3-c2695ea1e4f4",
              "parentUUID": "b2be3881-4452-4318-a895-c3bd8cdac7cd",
              "isHook": false,
              "skipped": false
            }
          ],
          "suites": [],
          "passes": [],
          "failures": [
            "e2fe05ab-45f6-4b0d-99e8-45ccb5ea6da5",
            "3807e8a8-24ff-4b5a-bff3-c2695ea1e4f4"
          ],
          "pending": [],
          "skipped": [],
          "duration": 2919,
          "root": false,
          "rootEmpty": false,
          "_timeout": 2000
        },
        {
          "uuid": "c8a06d47-4197-41e2-a59d-85827315abbf",
          "title": "10 - [TELA DE JOGO] Crie um botão de \"Próxima\" que apareça após a resposta ser dada",
          "fullFile": "",
          "file": "",
          "beforeHooks": [],
          "afterHooks": [],
          "tests": [
            {
              "title": "O botão de próxima pergunta não deve ser visível o início do jogo",
              "fullTitle": "10 - [TELA DE JOGO] Crie um botão de \"Próxima\" que apareça após a resposta ser dada O botão de próxima pergunta não deve ser visível o início do jogo",
              "timedOut": null,
              "duration": 1107,
              "state": "passed",
              "speed": "slow",
              "pass": true,
              "fail": false,
              "pending": false,
              "context": null,
              "code": "cy.get(BUTTON_NEXT_QUESTION_SELECTOR).should('not.be.visible');",
              "err": {},
              "uuid": "17afd669-6e84-48ca-a413-2f86525aa696",
              "parentUUID": "c8a06d47-4197-41e2-a59d-85827315abbf",
              "isHook": false,
              "skipped": false
            },
            {
              "title": "Botão de próxima pergunta é visível quando a pergunta é respondida corretamente",
              "fullTitle": "10 - [TELA DE JOGO] Crie um botão de \"Próxima\" que apareça após a resposta ser dada Botão de próxima pergunta é visível quando a pergunta é respondida corretamente",
              "timedOut": null,
              "duration": 1403,
              "state": "failed",
              "speed": null,
              "pass": false,
              "fail": true,
              "pending": false,
              "context": null,
              "code": "cy.get(CORRECT_ALTERNATIVE_SELECTOR).click();\ncy.get(BUTTON_NEXT_QUESTION_SELECTOR).should('be.visible');",
              "err": {
                "message": "CypressError: cy.click() can only be called on a single element. Your subject contained 5 elements. Pass { multiple: true } if you want to serially click each element.",
                "estack": "CypressError: cy.click() can only be called on a single element. Your subject contained 5 elements. Pass { multiple: true } if you want to serially click each element.\n    at Object.cypressErr (http://localhost:3000/__cypress/runner/cypress_runner.js:86206:11)\n    at Object.throwErr (http://localhost:3000/__cypress/runner/cypress_runner.js:86161:18)\n    at Object.throwErrByPath (http://localhost:3000/__cypress/runner/cypress_runner.js:86193:17)\n    at mouseAction (http://localhost:3000/__cypress/runner/cypress_runner.js:66570:14)\n    at Context.click (http://localhost:3000/__cypress/runner/cypress_runner.js:66713:14)\n    at Context.<anonymous> (http://localhost:3000/__cypress/runner/cypress_runner.js:81414:21)\n    at http://localhost:3000/__cypress/runner/cypress_runner.js:80892:33\n    at tryCatcher (http://localhost:3000/__cypress/runner/cypress_runner.js:120669:23)\n    at Promise._settlePromiseFromHandler (http://localhost:3000/__cypress/runner/cypress_runner.js:118605:31)\n    at Promise._settlePromise (http://localhost:3000/__cypress/runner/cypress_runner.js:118662:18)\n    at Promise._settlePromiseCtx (http://localhost:3000/__cypress/runner/cypress_runner.js:118699:10)\n    at Async../node_modules/bluebird/js/release/async.js.Async._drainQueue (http://localhost:3000/__cypress/runner/cypress_runner.js:115399:12)\n    at Async../node_modules/bluebird/js/release/async.js.Async._drainQueues (http://localhost:3000/__cypress/runner/cypress_runner.js:115404:10)\n    at Async.drainQueues (http://localhost:3000/__cypress/runner/cypress_runner.js:115278:14)",
                "diff": null
              },
              "uuid": "bffa3524-8d7c-4e1c-bb32-e8824fff69a1",
              "parentUUID": "c8a06d47-4197-41e2-a59d-85827315abbf",
              "isHook": false,
              "skipped": false
            },
            {
              "title": "Botão de próxima pergunta é visível quando a pergunta é respondida incorretamente",
              "fullTitle": "10 - [TELA DE JOGO] Crie um botão de \"Próxima\" que apareça após a resposta ser dada Botão de próxima pergunta é visível quando a pergunta é respondida incorretamente",
              "timedOut": null,
              "duration": 11290,
              "state": "failed",
              "speed": null,
              "pass": false,
              "fail": true,
              "pending": false,
              "context": null,
              "code": "cy.get(WRONG_ALTERNATIVES_SELECTOR).first().click();\ncy.get(BUTTON_NEXT_QUESTION_SELECTOR).should('be.visible');",
              "err": {
                "message": "CypressError: Timed out retrying: Expected to find element: '[data-testid=\"btn-next\"]', but never found it.",
                "estack": "CypressError: Timed out retrying: Expected to find element: '[data-testid=\"btn-next\"]', but never found it.\n    at Object.cypressErr (http://localhost:3000/__cypress/runner/cypress_runner.js:86206:11)\n    at Object.throwErr (http://localhost:3000/__cypress/runner/cypress_runner.js:86161:18)\n    at Object.throwErrByPath (http://localhost:3000/__cypress/runner/cypress_runner.js:86193:17)\n    at retry (http://localhost:3000/__cypress/runner/cypress_runner.js:76849:16)\n    at onFailFn (http://localhost:3000/__cypress/runner/cypress_runner.js:65634:16)\n    at tryCatcher (http://localhost:3000/__cypress/runner/cypress_runner.js:120669:23)\n    at Promise._settlePromiseFromHandler (http://localhost:3000/__cypress/runner/cypress_runner.js:118605:31)\n    at Promise._settlePromise (http://localhost:3000/__cypress/runner/cypress_runner.js:118662:18)\n    at Promise._settlePromise0 (http://localhost:3000/__cypress/runner/cypress_runner.js:118707:10)\n    at Promise._settlePromises (http://localhost:3000/__cypress/runner/cypress_runner.js:118782:18)\n    at Async../node_modules/bluebird/js/release/async.js.Async._drainQueue (http://localhost:3000/__cypress/runner/cypress_runner.js:115394:16)\n    at Async../node_modules/bluebird/js/release/async.js.Async._drainQueues (http://localhost:3000/__cypress/runner/cypress_runner.js:115404:10)\n    at Async.drainQueues (http://localhost:3000/__cypress/runner/cypress_runner.js:115278:14)",
                "diff": null
              },
              "uuid": "8f151242-127c-479c-a118-c60f0028e37e",
              "parentUUID": "c8a06d47-4197-41e2-a59d-85827315abbf",
              "isHook": false,
              "skipped": false
            }
          ],
          "suites": [],
          "passes": [
            "17afd669-6e84-48ca-a413-2f86525aa696"
          ],
          "failures": [
            "bffa3524-8d7c-4e1c-bb32-e8824fff69a1",
            "8f151242-127c-479c-a118-c60f0028e37e"
          ],
          "pending": [],
          "skipped": [],
          "duration": 13800,
          "root": false,
          "rootEmpty": false,
          "_timeout": 2000
        },
        {
          "uuid": "4ecb2e17-4c08-49f6-b1b9-7500b6537bda",
          "title": "11 - [TELA DE JOGO] Desenvolva o jogo de forma que a pessoa que joga deve responder 5 perguntas no total",
          "fullFile": "",
          "file": "",
          "beforeHooks": [],
          "afterHooks": [],
          "tests": [
            {
              "title": "Acerta todas as perguntas",
              "fullTitle": "11 - [TELA DE JOGO] Desenvolva o jogo de forma que a pessoa que joga deve responder 5 perguntas no total Acerta todas as perguntas",
              "timedOut": null,
              "duration": 1624,
              "state": "failed",
              "speed": null,
              "pass": false,
              "fail": true,
              "pending": false,
              "context": null,
              "code": "var before = JSON.parse(localStorage.getItem(LOCAL_STORAGE_STATE_KEY));\ncy.get(CORRECT_ALTERNATIVE_SELECTOR).click();\ncy.get(BUTTON_NEXT_QUESTION_SELECTOR).click();\ncy.get(CORRECT_ALTERNATIVE_SELECTOR).click();\ncy.get(BUTTON_NEXT_QUESTION_SELECTOR).click();\ncy.get(CORRECT_ALTERNATIVE_SELECTOR).click();\ncy.get(BUTTON_NEXT_QUESTION_SELECTOR).click();\ncy.get(CORRECT_ALTERNATIVE_SELECTOR).click();\ncy.get(BUTTON_NEXT_QUESTION_SELECTOR).click();\ncy.get(CORRECT_ALTERNATIVE_SELECTOR).click().then(function () {\n  var after = JSON.parse(localStorage.getItem(LOCAL_STORAGE_STATE_KEY));\n  expect(before.player.score).to.be.lt(after.player.score);\n});",
              "err": {
                "message": "CypressError: cy.click() can only be called on a single element. Your subject contained 5 elements. Pass { multiple: true } if you want to serially click each element.",
                "estack": "CypressError: cy.click() can only be called on a single element. Your subject contained 5 elements. Pass { multiple: true } if you want to serially click each element.\n    at Object.cypressErr (http://localhost:3000/__cypress/runner/cypress_runner.js:86206:11)\n    at Object.throwErr (http://localhost:3000/__cypress/runner/cypress_runner.js:86161:18)\n    at Object.throwErrByPath (http://localhost:3000/__cypress/runner/cypress_runner.js:86193:17)\n    at mouseAction (http://localhost:3000/__cypress/runner/cypress_runner.js:66570:14)\n    at Context.click (http://localhost:3000/__cypress/runner/cypress_runner.js:66713:14)\n    at Context.<anonymous> (http://localhost:3000/__cypress/runner/cypress_runner.js:81414:21)\n    at http://localhost:3000/__cypress/runner/cypress_runner.js:80892:33\n    at tryCatcher (http://localhost:3000/__cypress/runner/cypress_runner.js:120669:23)\n    at Promise._settlePromiseFromHandler (http://localhost:3000/__cypress/runner/cypress_runner.js:118605:31)\n    at Promise._settlePromise (http://localhost:3000/__cypress/runner/cypress_runner.js:118662:18)\n    at Promise._settlePromiseCtx (http://localhost:3000/__cypress/runner/cypress_runner.js:118699:10)\n    at Async../node_modules/bluebird/js/release/async.js.Async._drainQueue (http://localhost:3000/__cypress/runner/cypress_runner.js:115399:12)\n    at Async../node_modules/bluebird/js/release/async.js.Async._drainQueues (http://localhost:3000/__cypress/runner/cypress_runner.js:115404:10)\n    at Async.drainQueues (http://localhost:3000/__cypress/runner/cypress_runner.js:115278:14)",
                "diff": null
              },
              "uuid": "4513dff4-8477-4062-a54a-17a6db3e693d",
              "parentUUID": "4ecb2e17-4c08-49f6-b1b9-7500b6537bda",
              "isHook": false,
              "skipped": false
            },
            {
              "title": "Erra todas as perguntas",
              "fullTitle": "11 - [TELA DE JOGO] Desenvolva o jogo de forma que a pessoa que joga deve responder 5 perguntas no total Erra todas as perguntas",
              "timedOut": null,
              "duration": 11249,
              "state": "failed",
              "speed": null,
              "pass": false,
              "fail": true,
              "pending": false,
              "context": null,
              "code": "var before = JSON.parse(localStorage.getItem(LOCAL_STORAGE_STATE_KEY));\ncy.get(WRONG_ALTERNATIVES_SELECTOR).first().click();\ncy.get(BUTTON_NEXT_QUESTION_SELECTOR).click();\ncy.get(WRONG_ALTERNATIVES_SELECTOR).first().click();\ncy.get(BUTTON_NEXT_QUESTION_SELECTOR).click();\ncy.get(WRONG_ALTERNATIVES_SELECTOR).first().click();\ncy.get(BUTTON_NEXT_QUESTION_SELECTOR).click();\ncy.get(WRONG_ALTERNATIVES_SELECTOR).first().click();\ncy.get(BUTTON_NEXT_QUESTION_SELECTOR).click();\ncy.get(WRONG_ALTERNATIVES_SELECTOR).first().click().then(function () {\n  var after = JSON.parse(localStorage.getItem(LOCAL_STORAGE_STATE_KEY));\n  expect(before.player.score).to.be.eq(after.player.score);\n});",
              "err": {
                "message": "CypressError: Timed out retrying: Expected to find element: '[data-testid=\"btn-next\"]', but never found it.",
                "estack": "CypressError: Timed out retrying: Expected to find element: '[data-testid=\"btn-next\"]', but never found it.\n    at Object.cypressErr (http://localhost:3000/__cypress/runner/cypress_runner.js:86206:11)\n    at Object.throwErr (http://localhost:3000/__cypress/runner/cypress_runner.js:86161:18)\n    at Object.throwErrByPath (http://localhost:3000/__cypress/runner/cypress_runner.js:86193:17)\n    at retry (http://localhost:3000/__cypress/runner/cypress_runner.js:76849:16)\n    at onFailFn (http://localhost:3000/__cypress/runner/cypress_runner.js:65634:16)\n    at tryCatcher (http://localhost:3000/__cypress/runner/cypress_runner.js:120669:23)\n    at Promise._settlePromiseFromHandler (http://localhost:3000/__cypress/runner/cypress_runner.js:118605:31)\n    at Promise._settlePromise (http://localhost:3000/__cypress/runner/cypress_runner.js:118662:18)\n    at Promise._settlePromise0 (http://localhost:3000/__cypress/runner/cypress_runner.js:118707:10)\n    at Promise._settlePromises (http://localhost:3000/__cypress/runner/cypress_runner.js:118782:18)\n    at Async../node_modules/bluebird/js/release/async.js.Async._drainQueue (http://localhost:3000/__cypress/runner/cypress_runner.js:115394:16)\n    at Async../node_modules/bluebird/js/release/async.js.Async._drainQueues (http://localhost:3000/__cypress/runner/cypress_runner.js:115404:10)\n    at Async.drainQueues (http://localhost:3000/__cypress/runner/cypress_runner.js:115278:14)",
                "diff": null
              },
              "uuid": "c398c1a7-a14a-4fd9-993a-fa073e75acc9",
              "parentUUID": "4ecb2e17-4c08-49f6-b1b9-7500b6537bda",
              "isHook": false,
              "skipped": false
            },
            {
              "title": "Redireciona para a tela de _feedback_ após a quinta pergunta",
              "fullTitle": "11 - [TELA DE JOGO] Desenvolva o jogo de forma que a pessoa que joga deve responder 5 perguntas no total Redireciona para a tela de _feedback_ após a quinta pergunta",
              "timedOut": null,
              "duration": 1592,
              "state": "failed",
              "speed": null,
              "pass": false,
              "fail": true,
              "pending": false,
              "context": null,
              "code": "cy.get(CORRECT_ALTERNATIVE_SELECTOR).click();\ncy.get(BUTTON_NEXT_QUESTION_SELECTOR).click();\ncy.get(CORRECT_ALTERNATIVE_SELECTOR).click();\ncy.get(BUTTON_NEXT_QUESTION_SELECTOR).click();\ncy.get(CORRECT_ALTERNATIVE_SELECTOR).click();\ncy.get(BUTTON_NEXT_QUESTION_SELECTOR).click();\ncy.get(CORRECT_ALTERNATIVE_SELECTOR).click();\ncy.get(BUTTON_NEXT_QUESTION_SELECTOR).click();\ncy.get(CORRECT_ALTERNATIVE_SELECTOR).click();\ncy.get(BUTTON_NEXT_QUESTION_SELECTOR).click();\ncy.get(FEEDBACK_TEXT_SELECTOR).should('exist');",
              "err": {
                "message": "CypressError: cy.click() can only be called on a single element. Your subject contained 5 elements. Pass { multiple: true } if you want to serially click each element.",
                "estack": "CypressError: cy.click() can only be called on a single element. Your subject contained 5 elements. Pass { multiple: true } if you want to serially click each element.\n    at Object.cypressErr (http://localhost:3000/__cypress/runner/cypress_runner.js:86206:11)\n    at Object.throwErr (http://localhost:3000/__cypress/runner/cypress_runner.js:86161:18)\n    at Object.throwErrByPath (http://localhost:3000/__cypress/runner/cypress_runner.js:86193:17)\n    at mouseAction (http://localhost:3000/__cypress/runner/cypress_runner.js:66570:14)\n    at Context.click (http://localhost:3000/__cypress/runner/cypress_runner.js:66713:14)\n    at Context.<anonymous> (http://localhost:3000/__cypress/runner/cypress_runner.js:81414:21)\n    at http://localhost:3000/__cypress/runner/cypress_runner.js:80892:33\n    at tryCatcher (http://localhost:3000/__cypress/runner/cypress_runner.js:120669:23)\n    at Promise._settlePromiseFromHandler (http://localhost:3000/__cypress/runner/cypress_runner.js:118605:31)\n    at Promise._settlePromise (http://localhost:3000/__cypress/runner/cypress_runner.js:118662:18)\n    at Promise._settlePromiseCtx (http://localhost:3000/__cypress/runner/cypress_runner.js:118699:10)\n    at Async../node_modules/bluebird/js/release/async.js.Async._drainQueue (http://localhost:3000/__cypress/runner/cypress_runner.js:115399:12)\n    at Async../node_modules/bluebird/js/release/async.js.Async._drainQueues (http://localhost:3000/__cypress/runner/cypress_runner.js:115404:10)\n    at Async.drainQueues (http://localhost:3000/__cypress/runner/cypress_runner.js:115278:14)",
                "diff": null
              },
              "uuid": "29db23d6-875d-47c0-aa98-0f53ec3d5a2d",
              "parentUUID": "4ecb2e17-4c08-49f6-b1b9-7500b6537bda",
              "isHook": false,
              "skipped": false
            }
          ],
          "suites": [],
          "passes": [],
          "failures": [
            "4513dff4-8477-4062-a54a-17a6db3e693d",
            "c398c1a7-a14a-4fd9-993a-fa073e75acc9",
            "29db23d6-875d-47c0-aa98-0f53ec3d5a2d"
          ],
          "pending": [],
          "skipped": [],
          "duration": 14465,
          "root": false,
          "rootEmpty": false,
          "_timeout": 2000
        },
        {
          "uuid": "8e20c64f-79e2-4f72-94cf-922a3329f5c9",
          "title": "12 - [TELA DE FEEDBACK] Desenvolva o header de _feedback_ que deve conter as informações da pessoa jogadora",
          "fullFile": "",
          "file": "",
          "beforeHooks": [],
          "afterHooks": [],
          "tests": [
            {
              "title": "A imagem do Gravatar está presente no header",
              "fullTitle": "12 - [TELA DE FEEDBACK] Desenvolva o header de _feedback_ que deve conter as informações da pessoa jogadora A imagem do Gravatar está presente no header",
              "timedOut": null,
              "duration": 1284,
              "state": "failed",
              "speed": null,
              "pass": false,
              "fail": true,
              "pending": false,
              "context": null,
              "code": "cy.get(HEADER_IMAGE_SELECTOR).should('exist');",
              "err": {
                "message": "CypressError: cy.click() can only be called on a single element. Your subject contained 5 elements. Pass { multiple: true } if you want to serially click each element.\n\nBecause this error occurred during a 'before each' hook we are skipping the remaining tests in the current suite: '12 - [TELA DE FEEDBACK] Des...'",
                "estack": "CypressError: cy.click() can only be called on a single element. Your subject contained 5 elements. Pass { multiple: true } if you want to serially click each element.\n\nBecause this error occurred during a 'before each' hook we are skipping the remaining tests in the current suite: '12 - [TELA DE FEEDBACK] Des...'\n    at Object.cypressErr (http://localhost:3000/__cypress/runner/cypress_runner.js:86206:11)\n    at Object.throwErr (http://localhost:3000/__cypress/runner/cypress_runner.js:86161:18)\n    at Object.throwErrByPath (http://localhost:3000/__cypress/runner/cypress_runner.js:86193:17)\n    at mouseAction (http://localhost:3000/__cypress/runner/cypress_runner.js:66570:14)\n    at Context.click (http://localhost:3000/__cypress/runner/cypress_runner.js:66713:14)\n    at Context.<anonymous> (http://localhost:3000/__cypress/runner/cypress_runner.js:81414:21)\n    at http://localhost:3000/__cypress/runner/cypress_runner.js:80892:33\n    at tryCatcher (http://localhost:3000/__cypress/runner/cypress_runner.js:120669:23)\n    at Promise._settlePromiseFromHandler (http://localhost:3000/__cypress/runner/cypress_runner.js:118605:31)\n    at Promise._settlePromise (http://localhost:3000/__cypress/runner/cypress_runner.js:118662:18)\n    at Promise._settlePromiseCtx (http://localhost:3000/__cypress/runner/cypress_runner.js:118699:10)\n    at Async../node_modules/bluebird/js/release/async.js.Async._drainQueue (http://localhost:3000/__cypress/runner/cypress_runner.js:115399:12)\n    at Async../node_modules/bluebird/js/release/async.js.Async._drainQueues (http://localhost:3000/__cypress/runner/cypress_runner.js:115404:10)\n    at Async.drainQueues (http://localhost:3000/__cypress/runner/cypress_runner.js:115278:14)",
                "diff": null
              },
              "uuid": "44ff5a60-8d0e-4741-abc7-ebd97cd3ddc1",
              "parentUUID": "8e20c64f-79e2-4f72-94cf-922a3329f5c9",
              "isHook": false,
              "skipped": false
            },
            {
              "title": "O nome da pessoa está presente no header",
              "fullTitle": "12 - [TELA DE FEEDBACK] Desenvolva o header de _feedback_ que deve conter as informações da pessoa jogadora O nome da pessoa está presente no header",
              "timedOut": null,
              "duration": 0,
              "state": "skipped",
              "speed": null,
              "pass": false,
              "fail": false,
              "pending": false,
              "context": null,
              "code": "cy.get(HEADER_NAME_SELECTOR).contains(name);",
              "err": {},
              "uuid": "b7e0df62-7048-4bd7-a9d1-0559792cce11",
              "parentUUID": "8e20c64f-79e2-4f72-94cf-922a3329f5c9",
              "isHook": false,
              "skipped": true
            },
            {
              "title": "O placar com o valor atual está presente no header",
              "fullTitle": "12 - [TELA DE FEEDBACK] Desenvolva o header de _feedback_ que deve conter as informações da pessoa jogadora O placar com o valor atual está presente no header",
              "timedOut": null,
              "duration": 0,
              "state": "skipped",
              "speed": null,
              "pass": false,
              "fail": false,
              "pending": false,
              "context": null,
              "code": "cy.get(HEADER_SCORE_SELECTOR).should(function ($el) {\n  var state = JSON.parse(localStorage.getItem(LOCAL_STORAGE_STATE_KEY));\n  expect(parseInt($el.text())).to.be.eq(state.player.score);\n});",
              "err": {},
              "uuid": "90e2649d-3407-4301-a7c3-28b151e365c5",
              "parentUUID": "8e20c64f-79e2-4f72-94cf-922a3329f5c9",
              "isHook": false,
              "skipped": true
            }
          ],
          "suites": [],
          "passes": [],
          "failures": [
            "44ff5a60-8d0e-4741-abc7-ebd97cd3ddc1"
          ],
          "pending": [],
          "skipped": [
            "b7e0df62-7048-4bd7-a9d1-0559792cce11",
            "90e2649d-3407-4301-a7c3-28b151e365c5"
          ],
          "duration": 1284,
          "root": false,
          "rootEmpty": false,
          "_timeout": 2000
        },
        {
          "uuid": "9e11f63e-9a68-4895-928a-a6ff65ad6580",
          "title": "13 - [TELA DE FEEDBACK] Crie a mensagem de _feedback_ para ser exibida a pessoa usuária",
          "fullFile": "",
          "file": "",
          "beforeHooks": [],
          "afterHooks": [],
          "tests": [
            {
              "title": "Acertou menos de 3 perguntas",
              "fullTitle": "13 - [TELA DE FEEDBACK] Crie a mensagem de _feedback_ para ser exibida a pessoa usuária Acertou menos de 3 perguntas",
              "timedOut": null,
              "duration": 1281,
              "state": "failed",
              "speed": null,
              "pass": false,
              "fail": true,
              "pending": false,
              "context": null,
              "code": "cy.get(CORRECT_ALTERNATIVE_SELECTOR).click();\ncy.get(BUTTON_NEXT_QUESTION_SELECTOR).click();\ncy.get(CORRECT_ALTERNATIVE_SELECTOR).click();\ncy.get(BUTTON_NEXT_QUESTION_SELECTOR).click();\ncy.get(WRONG_ALTERNATIVES_SELECTOR).first().click();\ncy.get(BUTTON_NEXT_QUESTION_SELECTOR).click();\ncy.get(WRONG_ALTERNATIVES_SELECTOR).first().click();\ncy.get(BUTTON_NEXT_QUESTION_SELECTOR).click();\ncy.get(WRONG_ALTERNATIVES_SELECTOR).first().click();\ncy.get(BUTTON_NEXT_QUESTION_SELECTOR).click();\ncy.get(FEEDBACK_TEXT_SELECTOR).contains('Podia ser melhor...');",
              "err": {
                "message": "CypressError: cy.click() can only be called on a single element. Your subject contained 5 elements. Pass { multiple: true } if you want to serially click each element.",
                "estack": "CypressError: cy.click() can only be called on a single element. Your subject contained 5 elements. Pass { multiple: true } if you want to serially click each element.\n    at Object.cypressErr (http://localhost:3000/__cypress/runner/cypress_runner.js:86206:11)\n    at Object.throwErr (http://localhost:3000/__cypress/runner/cypress_runner.js:86161:18)\n    at Object.throwErrByPath (http://localhost:3000/__cypress/runner/cypress_runner.js:86193:17)\n    at mouseAction (http://localhost:3000/__cypress/runner/cypress_runner.js:66570:14)\n    at Context.click (http://localhost:3000/__cypress/runner/cypress_runner.js:66713:14)\n    at Context.<anonymous> (http://localhost:3000/__cypress/runner/cypress_runner.js:81414:21)\n    at http://localhost:3000/__cypress/runner/cypress_runner.js:80892:33\n    at tryCatcher (http://localhost:3000/__cypress/runner/cypress_runner.js:120669:23)\n    at Promise._settlePromiseFromHandler (http://localhost:3000/__cypress/runner/cypress_runner.js:118605:31)\n    at Promise._settlePromise (http://localhost:3000/__cypress/runner/cypress_runner.js:118662:18)\n    at Promise._settlePromiseCtx (http://localhost:3000/__cypress/runner/cypress_runner.js:118699:10)\n    at Async../node_modules/bluebird/js/release/async.js.Async._drainQueue (http://localhost:3000/__cypress/runner/cypress_runner.js:115399:12)\n    at Async../node_modules/bluebird/js/release/async.js.Async._drainQueues (http://localhost:3000/__cypress/runner/cypress_runner.js:115404:10)\n    at Async.drainQueues (http://localhost:3000/__cypress/runner/cypress_runner.js:115278:14)",
                "diff": null
              },
              "uuid": "da8b9d32-067a-474f-905d-fe7140c17975",
              "parentUUID": "9e11f63e-9a68-4895-928a-a6ff65ad6580",
              "isHook": false,
              "skipped": false
            },
            {
              "title": "Acertou 3 perguntas",
              "fullTitle": "13 - [TELA DE FEEDBACK] Crie a mensagem de _feedback_ para ser exibida a pessoa usuária Acertou 3 perguntas",
              "timedOut": null,
              "duration": 11439,
              "state": "failed",
              "speed": null,
              "pass": false,
              "fail": true,
              "pending": false,
              "context": null,
              "code": "cy.get(WRONG_ALTERNATIVES_SELECTOR).first().click();\ncy.get(BUTTON_NEXT_QUESTION_SELECTOR).click();\ncy.get(CORRECT_ALTERNATIVE_SELECTOR).click();\ncy.get(BUTTON_NEXT_QUESTION_SELECTOR).click();\ncy.get(WRONG_ALTERNATIVES_SELECTOR).first().click();\ncy.get(BUTTON_NEXT_QUESTION_SELECTOR).click();\ncy.get(CORRECT_ALTERNATIVE_SELECTOR).first().click();\ncy.get(BUTTON_NEXT_QUESTION_SELECTOR).click();\ncy.get(CORRECT_ALTERNATIVE_SELECTOR).click();\ncy.get(BUTTON_NEXT_QUESTION_SELECTOR).click();\ncy.get(FEEDBACK_TEXT_SELECTOR).contains('Mandou bem!');",
              "err": {
                "message": "CypressError: Timed out retrying: Expected to find element: '[data-testid=\"btn-next\"]', but never found it.",
                "estack": "CypressError: Timed out retrying: Expected to find element: '[data-testid=\"btn-next\"]', but never found it.\n    at Object.cypressErr (http://localhost:3000/__cypress/runner/cypress_runner.js:86206:11)\n    at Object.throwErr (http://localhost:3000/__cypress/runner/cypress_runner.js:86161:18)\n    at Object.throwErrByPath (http://localhost:3000/__cypress/runner/cypress_runner.js:86193:17)\n    at retry (http://localhost:3000/__cypress/runner/cypress_runner.js:76849:16)\n    at onFailFn (http://localhost:3000/__cypress/runner/cypress_runner.js:65634:16)\n    at tryCatcher (http://localhost:3000/__cypress/runner/cypress_runner.js:120669:23)\n    at Promise._settlePromiseFromHandler (http://localhost:3000/__cypress/runner/cypress_runner.js:118605:31)\n    at Promise._settlePromise (http://localhost:3000/__cypress/runner/cypress_runner.js:118662:18)\n    at Promise._settlePromise0 (http://localhost:3000/__cypress/runner/cypress_runner.js:118707:10)\n    at Promise._settlePromises (http://localhost:3000/__cypress/runner/cypress_runner.js:118782:18)\n    at Async../node_modules/bluebird/js/release/async.js.Async._drainQueue (http://localhost:3000/__cypress/runner/cypress_runner.js:115394:16)\n    at Async../node_modules/bluebird/js/release/async.js.Async._drainQueues (http://localhost:3000/__cypress/runner/cypress_runner.js:115404:10)\n    at Async.drainQueues (http://localhost:3000/__cypress/runner/cypress_runner.js:115278:14)",
                "diff": null
              },
              "uuid": "7ae2e652-34d1-4e7f-b315-c92177ff4717",
              "parentUUID": "9e11f63e-9a68-4895-928a-a6ff65ad6580",
              "isHook": false,
              "skipped": false
            },
            {
              "title": "Acertou mais de 3 perguntas",
              "fullTitle": "13 - [TELA DE FEEDBACK] Crie a mensagem de _feedback_ para ser exibida a pessoa usuária Acertou mais de 3 perguntas",
              "timedOut": null,
              "duration": 1577,
              "state": "failed",
              "speed": null,
              "pass": false,
              "fail": true,
              "pending": false,
              "context": null,
              "code": "cy.get(CORRECT_ALTERNATIVE_SELECTOR).click();\ncy.get(BUTTON_NEXT_QUESTION_SELECTOR).click();\ncy.get(CORRECT_ALTERNATIVE_SELECTOR).click();\ncy.get(BUTTON_NEXT_QUESTION_SELECTOR).click();\ncy.get(WRONG_ALTERNATIVES_SELECTOR).first().click();\ncy.get(BUTTON_NEXT_QUESTION_SELECTOR).click();\ncy.get(CORRECT_ALTERNATIVE_SELECTOR).click();\ncy.get(BUTTON_NEXT_QUESTION_SELECTOR).click();\ncy.get(CORRECT_ALTERNATIVE_SELECTOR).click();\ncy.get(BUTTON_NEXT_QUESTION_SELECTOR).click();\ncy.get(FEEDBACK_TEXT_SELECTOR).contains('Mandou bem!');",
              "err": {
                "message": "CypressError: cy.click() can only be called on a single element. Your subject contained 5 elements. Pass { multiple: true } if you want to serially click each element.",
                "estack": "CypressError: cy.click() can only be called on a single element. Your subject contained 5 elements. Pass { multiple: true } if you want to serially click each element.\n    at Object.cypressErr (http://localhost:3000/__cypress/runner/cypress_runner.js:86206:11)\n    at Object.throwErr (http://localhost:3000/__cypress/runner/cypress_runner.js:86161:18)\n    at Object.throwErrByPath (http://localhost:3000/__cypress/runner/cypress_runner.js:86193:17)\n    at mouseAction (http://localhost:3000/__cypress/runner/cypress_runner.js:66570:14)\n    at Context.click (http://localhost:3000/__cypress/runner/cypress_runner.js:66713:14)\n    at Context.<anonymous> (http://localhost:3000/__cypress/runner/cypress_runner.js:81414:21)\n    at http://localhost:3000/__cypress/runner/cypress_runner.js:80892:33\n    at tryCatcher (http://localhost:3000/__cypress/runner/cypress_runner.js:120669:23)\n    at Promise._settlePromiseFromHandler (http://localhost:3000/__cypress/runner/cypress_runner.js:118605:31)\n    at Promise._settlePromise (http://localhost:3000/__cypress/runner/cypress_runner.js:118662:18)\n    at Promise._settlePromiseCtx (http://localhost:3000/__cypress/runner/cypress_runner.js:118699:10)\n    at Async../node_modules/bluebird/js/release/async.js.Async._drainQueue (http://localhost:3000/__cypress/runner/cypress_runner.js:115399:12)\n    at Async../node_modules/bluebird/js/release/async.js.Async._drainQueues (http://localhost:3000/__cypress/runner/cypress_runner.js:115404:10)\n    at Async.drainQueues (http://localhost:3000/__cypress/runner/cypress_runner.js:115278:14)",
                "diff": null
              },
              "uuid": "21408a00-99ab-470d-ae62-8d69a5abcd24",
              "parentUUID": "9e11f63e-9a68-4895-928a-a6ff65ad6580",
              "isHook": false,
              "skipped": false
            }
          ],
          "suites": [],
          "passes": [],
          "failures": [
            "da8b9d32-067a-474f-905d-fe7140c17975",
            "7ae2e652-34d1-4e7f-b315-c92177ff4717",
            "21408a00-99ab-470d-ae62-8d69a5abcd24"
          ],
          "pending": [],
          "skipped": [],
          "duration": 14297,
          "root": false,
          "rootEmpty": false,
          "_timeout": 2000
        },
        {
          "uuid": "8ada9dce-237f-4053-8343-84dd8f722200",
          "title": "14 - [TELA DE FEEDBACK] Exiba as informações relacionadas aos resultados obtidos para a pessoa usuária",
          "fullFile": "",
          "file": "",
          "beforeHooks": [],
          "afterHooks": [],
          "tests": [
            {
              "title": "Não acertou nenhuma pergunta",
              "fullTitle": "14 - [TELA DE FEEDBACK] Exiba as informações relacionadas aos resultados obtidos para a pessoa usuária Não acertou nenhuma pergunta",
              "timedOut": null,
              "duration": 11443,
              "state": "failed",
              "speed": null,
              "pass": false,
              "fail": true,
              "pending": false,
              "context": null,
              "code": "cy.get(WRONG_ALTERNATIVES_SELECTOR).first().click();\ncy.get(BUTTON_NEXT_QUESTION_SELECTOR).click();\ncy.get(WRONG_ALTERNATIVES_SELECTOR).first().click();\ncy.get(BUTTON_NEXT_QUESTION_SELECTOR).click();\ncy.get(WRONG_ALTERNATIVES_SELECTOR).first().click();\ncy.get(BUTTON_NEXT_QUESTION_SELECTOR).click();\ncy.get(WRONG_ALTERNATIVES_SELECTOR).first().click();\ncy.get(BUTTON_NEXT_QUESTION_SELECTOR).click();\ncy.get(WRONG_ALTERNATIVES_SELECTOR).first().click();\ncy.get(BUTTON_NEXT_QUESTION_SELECTOR).click();\ncy.get(FEEDBACK_TOTAL_SCORE_SELECTOR).should(function ($el) {\n  var state = JSON.parse(localStorage.getItem(LOCAL_STORAGE_STATE_KEY));\n  expect(parseInt($el.text())).to.be.eq(state.player.score);\n});\ncy.get(FEEDBACK_TOTAL_QUESTION_SELECTOR).should(function ($el) {\n  var state = JSON.parse(localStorage.getItem(LOCAL_STORAGE_STATE_KEY));\n  expect(parseInt($el.text())).to.be.eq(state.player.assertions);\n});",
              "err": {
                "message": "CypressError: Timed out retrying: Expected to find element: '[data-testid=\"btn-next\"]', but never found it.",
                "estack": "CypressError: Timed out retrying: Expected to find element: '[data-testid=\"btn-next\"]', but never found it.\n    at Object.cypressErr (http://localhost:3000/__cypress/runner/cypress_runner.js:86206:11)\n    at Object.throwErr (http://localhost:3000/__cypress/runner/cypress_runner.js:86161:18)\n    at Object.throwErrByPath (http://localhost:3000/__cypress/runner/cypress_runner.js:86193:17)\n    at retry (http://localhost:3000/__cypress/runner/cypress_runner.js:76849:16)\n    at onFailFn (http://localhost:3000/__cypress/runner/cypress_runner.js:65634:16)\n    at tryCatcher (http://localhost:3000/__cypress/runner/cypress_runner.js:120669:23)\n    at Promise._settlePromiseFromHandler (http://localhost:3000/__cypress/runner/cypress_runner.js:118605:31)\n    at Promise._settlePromise (http://localhost:3000/__cypress/runner/cypress_runner.js:118662:18)\n    at Promise._settlePromise0 (http://localhost:3000/__cypress/runner/cypress_runner.js:118707:10)\n    at Promise._settlePromises (http://localhost:3000/__cypress/runner/cypress_runner.js:118782:18)\n    at Async../node_modules/bluebird/js/release/async.js.Async._drainQueue (http://localhost:3000/__cypress/runner/cypress_runner.js:115394:16)\n    at Async../node_modules/bluebird/js/release/async.js.Async._drainQueues (http://localhost:3000/__cypress/runner/cypress_runner.js:115404:10)\n    at Async.drainQueues (http://localhost:3000/__cypress/runner/cypress_runner.js:115278:14)",
                "diff": null
              },
              "uuid": "209e7eb7-edee-4825-8da8-526d5ad0c469",
              "parentUUID": "8ada9dce-237f-4053-8343-84dd8f722200",
              "isHook": false,
              "skipped": false
            },
            {
              "title": "Acertou 2 perguntas",
              "fullTitle": "14 - [TELA DE FEEDBACK] Exiba as informações relacionadas aos resultados obtidos para a pessoa usuária Acertou 2 perguntas",
              "timedOut": null,
              "duration": 1656,
              "state": "failed",
              "speed": null,
              "pass": false,
              "fail": true,
              "pending": false,
              "context": null,
              "code": "cy.get(CORRECT_ALTERNATIVE_SELECTOR).click();\ncy.get(BUTTON_NEXT_QUESTION_SELECTOR).click();\ncy.get(CORRECT_ALTERNATIVE_SELECTOR).click();\ncy.get(BUTTON_NEXT_QUESTION_SELECTOR).click();\ncy.get(WRONG_ALTERNATIVES_SELECTOR).first().click();\ncy.get(BUTTON_NEXT_QUESTION_SELECTOR).click();\ncy.get(WRONG_ALTERNATIVES_SELECTOR).first().click();\ncy.get(BUTTON_NEXT_QUESTION_SELECTOR).click();\ncy.get(WRONG_ALTERNATIVES_SELECTOR).first().click();\ncy.get(BUTTON_NEXT_QUESTION_SELECTOR).click();\ncy.get(FEEDBACK_TOTAL_SCORE_SELECTOR).should(function ($el) {\n  var state = JSON.parse(localStorage.getItem(LOCAL_STORAGE_STATE_KEY));\n  expect(parseInt($el.text())).to.be.eq(state.player.score);\n});\ncy.get(FEEDBACK_TOTAL_QUESTION_SELECTOR).should(function ($el) {\n  var state = JSON.parse(localStorage.getItem(LOCAL_STORAGE_STATE_KEY));\n  expect(parseInt($el.text())).to.be.eq(state.player.assertions);\n});",
              "err": {
                "message": "CypressError: cy.click() can only be called on a single element. Your subject contained 5 elements. Pass { multiple: true } if you want to serially click each element.",
[...]
          "rootEmpty": false,
          "_timeout": 2000
        },
        {
          "uuid": "5d581498-8a76-4cf3-a724-950475b40865",
          "title": "15 - [TELA DE FEEDBACK] Crie a opção para a pessoa jogadora poder jogar novamente",
          "fullFile": "",
          "file": "",
          "beforeHooks": [],
          "afterHooks": [],
          "tests": [
            {
              "title": "A pessoa deve ser redirecionada para tela inicial",
              "fullTitle": "15 - [TELA DE FEEDBACK] Crie a opção para a pessoa jogadora poder jogar novamente A pessoa deve ser redirecionada para tela inicial",
              "timedOut": null,
              "duration": 1341,
              "state": "failed",
              "speed": null,
              "pass": false,
              "fail": true,
              "pending": false,
              "context": null,
              "code": "cy.get(BUTTON_PLAY_AGAIN_SELECTOR).click();\ncy.get(INPUT_PLAYER_EMAIL_SELECTOR).should('exist');",
              "err": {
                "message": "CypressError: cy.click() can only be called on a single element. Your subject contained 5 elements. Pass { multiple: true } if you want to serially click each element.\n\nBecause this error occurred during a 'before each' hook we are skipping the remaining tests in the current suite: '15 - [TELA DE FEEDBACK] Cri...'",
                "estack": "CypressError: cy.click() can only be called on a single element. Your subject contained 5 elements. Pass { multiple: true } if you want to serially click each element.\n\nBecause this error occurred during a 'before each' hook we are skipping the remaining tests in the current suite: '15 - [TELA DE FEEDBACK] Cri...'\n    at Object.cypressErr (http://localhost:3000/__cypress/runner/cypress_runner.js:86206:11)\n    at Object.throwErr (http://localhost:3000/__cypress/runner/cypress_runner.js:86161:18)\n    at Object.throwErrByPath (http://localhost:3000/__cypress/runner/cypress_runner.js:86193:17)\n    at mouseAction (http://localhost:3000/__cypress/runner/cypress_runner.js:66570:14)\n    at Context.click (http://localhost:3000/__cypress/runner/cypress_runner.js:66713:14)\n    at Context.<anonymous> (http://localhost:3000/__cypress/runner/cypress_runner.js:81414:21)\n    at http://localhost:3000/__cypress/runner/cypress_runner.js:80892:33\n    at tryCatcher (http://localhost:3000/__cypress/runner/cypress_runner.js:120669:23)\n    at Promise._settlePromiseFromHandler (http://localhost:3000/__cypress/runner/cypress_runner.js:118605:31)\n    at Promise._settlePromise (http://localhost:3000/__cypress/runner/cypress_runner.js:118662:18)\n    at Promise._settlePromiseCtx (http://localhost:3000/__cypress/runner/cypress_runner.js:118699:10)\n    at Async../node_modules/bluebird/js/release/async.js.Async._drainQueue (http://localhost:3000/__cypress/runner/cypress_runner.js:115399:12)\n    at Async../node_modules/bluebird/js/release/async.js.Async._drainQueues (http://localhost:3000/__cypress/runner/cypress_runner.js:115404:10)\n    at Async.drainQueues (http://localhost:3000/__cypress/runner/cypress_runner.js:115278:14)",
                "diff": null
              },
              "uuid": "d566e354-269a-4284-952b-42fe0bbad548",
              "parentUUID": "5d581498-8a76-4cf3-a724-950475b40865",
              "isHook": false,
              "skipped": false
            }
          ],
          "suites": [],
          "passes": [],
          "failures": [
            "d566e354-269a-4284-952b-42fe0bbad548"
          ],
          "pending": [],
          "skipped": [],
          "duration": 1341,
          "root": false,
          "rootEmpty": false,
          "_timeout": 2000
        },
        {
          "uuid": "024a56c2-0bce-4651-aabb-1e0238546653",
          "title": "16 - [TELA DE FEEDBACK] Crie a opção para a pessoa jogadora poder visualizar a tela de _ranking_",
          "fullFile": "",
          "file": "",
          "beforeHooks": [],
          "afterHooks": [],
          "tests": [
            {
              "title": "A pessoa deve ser redirecionada para tela de ranking",
              "fullTitle": "16 - [TELA DE FEEDBACK] Crie a opção para a pessoa jogadora poder visualizar a tela de _ranking_ A pessoa deve ser redirecionada para tela de ranking",
              "timedOut": null,
              "duration": 1366,
              "state": "failed",
              "speed": null,
              "pass": false,
              "fail": true,
              "pending": false,
              "context": null,
              "code": "cy.get(BUTTON_RANKING_SELECTOR).click();\ncy.get(RANKING_TITLE_SELECTOR).should('exist');",
              "err": {
                "message": "CypressError: cy.click() can only be called on a single element. Your subject contained 5 elements. Pass { multiple: true } if you want to serially click each element.\n\nBecause this error occurred during a 'before each' hook we are skipping the remaining tests in the current suite: '16 - [TELA DE FEEDBACK] Cri...'",
                "estack": "CypressError: cy.click() can only be called on a single element. Your subject contained 5 elements. Pass { multiple: true } if you want to serially click each element.\n\nBecause this error occurred during a 'before each' hook we are skipping the remaining tests in the current suite: '16 - [TELA DE FEEDBACK] Cri...'\n    at Object.cypressErr (http://localhost:3000/__cypress/runner/cypress_runner.js:86206:11)\n    at Object.throwErr (http://localhost:3000/__cypress/runner/cypress_runner.js:86161:18)\n    at Object.throwErrByPath (http://localhost:3000/__cypress/runner/cypress_runner.js:86193:17)\n    at mouseAction (http://localhost:3000/__cypress/runner/cypress_runner.js:66570:14)\n    at Context.click (http://localhost:3000/__cypress/runner/cypress_runner.js:66713:14)\n    at Context.<anonymous> (http://localhost:3000/__cypress/runner/cypress_runner.js:81414:21)\n    at http://localhost:3000/__cypress/runner/cypress_runner.js:80892:33\n    at tryCatcher (http://localhost:3000/__cypress/runner/cypress_runner.js:120669:23)\n    at Promise._settlePromiseFromHandler (http://localhost:3000/__cypress/runner/cypress_runner.js:118605:31)\n    at Promise._settlePromise (http://localhost:3000/__cypress/runner/cypress_runner.js:118662:18)\n    at Promise._settlePromiseCtx (http://localhost:3000/__cypress/runner/cypress_runner.js:118699:10)\n    at Async../node_modules/bluebird/js/release/async.js.Async._drainQueue (http://localhost:3000/__cypress/runner/cypress_runner.js:115399:12)\n    at Async../node_modules/bluebird/js/release/async.js.Async._drainQueues (http://localhost:3000/__cypress/runner/cypress_runner.js:115404:10)\n    at Async.drainQueues (http://localhost:3000/__cypress/runner/cypress_runner.js:115278:14)",
                "diff": null
              },
              "uuid": "167e9033-db20-4081-bacc-cd2ef70706a8",
              "parentUUID": "024a56c2-0bce-4651-aabb-1e0238546653",
              "isHook": false,
              "skipped": false
            }
          ],
          "suites": [],
          "passes": [],
          "failures": [
            "167e9033-db20-4081-bacc-cd2ef70706a8"
          ],
          "pending": [],
          "skipped": [],
          "duration": 1366,
          "root": false,
          "rootEmpty": false,
          "_timeout": 2000
        },
        {
          "uuid": "5d26ef1d-9d24-4c13-b895-4caadfecc3ff",
          "title": "17 - [TELA DE RANKING] Crie a tela de _ranking_",
          "fullFile": "",
          "file": "",
          "beforeHooks": [],
          "afterHooks": [],
          "tests": [
            {
              "title": "Deve existir uma pessoa no _ranking_",
              "fullTitle": "17 - [TELA DE RANKING] Crie a tela de _ranking_ Deve existir uma pessoa no _ranking_",
              "timedOut": null,
              "duration": 1324,
              "state": "failed",
              "speed": null,
              "pass": false,
              "fail": true,
              "pending": false,
              "context": null,
              "code": "cy.get(RANKING_PLAYERS_NAME_SELECTOR).should(function ($el) {\n  expect($el).to.have.lengthOf(1);\n});",
              "err": {
                "message": "CypressError: cy.click() can only be called on a single element. Your subject contained 5 elements. Pass { multiple: true } if you want to serially click each element.\n\nBecause this error occurred during a 'before each' hook we are skipping the remaining tests in the current suite: '17 - [TELA DE RANKING] Crie...'",
                "estack": "CypressError: cy.click() can only be called on a single element. Your subject contained 5 elements. Pass { multiple: true } if you want to serially click each element.\n\nBecause this error occurred during a 'before each' hook we are skipping the remaining tests in the current suite: '17 - [TELA DE RANKING] Crie...'\n    at Object.cypressErr (http://localhost:3000/__cypress/runner/cypress_runner.js:86206:11)\n    at Object.throwErr (http://localhost:3000/__cypress/runner/cypress_runner.js:86161:18)\n    at Object.throwErrByPath (http://localhost:3000/__cypress/runner/cypress_runner.js:86193:17)\n    at mouseAction (http://localhost:3000/__cypress/runner/cypress_runner.js:66570:14)\n    at Context.click (http://localhost:3000/__cypress/runner/cypress_runner.js:66713:14)\n    at Context.<anonymous> (http://localhost:3000/__cypress/runner/cypress_runner.js:81414:21)\n    at http://localhost:3000/__cypress/runner/cypress_runner.js:80892:33\n    at tryCatcher (http://localhost:3000/__cypress/runner/cypress_runner.js:120669:23)\n    at Promise._settlePromiseFromHandler (http://localhost:3000/__cypress/runner/cypress_runner.js:118605:31)\n    at Promise._settlePromise (http://localhost:3000/__cypress/runner/cypress_runner.js:118662:18)\n    at Promise._settlePromiseCtx (http://localhost:3000/__cypress/runner/cypress_runner.js:118699:10)\n    at Async../node_modules/bluebird/js/release/async.js.Async._drainQueue (http://localhost:3000/__cypress/runner/cypress_runner.js:115399:12)\n    at Async../node_modules/bluebird/js/release/async.js.Async._drainQueues (http://localhost:3000/__cypress/runner/cypress_runner.js:115404:10)\n    at Async.drainQueues (http://localhost:3000/__cypress/runner/cypress_runner.js:115278:14)",
                "diff": null
              },
              "uuid": "d05c7a7d-596c-4c9c-b53a-9424d92be4e9",
              "parentUUID": "5d26ef1d-9d24-4c13-b895-4caadfecc3ff",
              "isHook": false,
              "skipped": false
            },
            {
              "title": "Devem existir duas pessoas no _ranking_",
              "fullTitle": "17 - [TELA DE RANKING] Crie a tela de _ranking_ Devem existir duas pessoas no _ranking_",
              "timedOut": null,
              "duration": 0,
              "state": "skipped",
              "speed": null,
              "pass": false,
              "fail": false,
              "pending": false,
              "context": null,
              "code": "cy.get(BUTTON_GO_HOME_SELECTOR).click();\ncy.get(INPUT_PLAYER_NAME_SELECTOR).clear();\ncy.get(INPUT_PLAYER_EMAIL_SELECTOR).clear();\ncy.get(INPUT_PLAYER_NAME_SELECTOR).type(name2);\ncy.get(INPUT_PLAYER_EMAIL_SELECTOR).type(email2);\ncy.get(BUTTON_PLAY_SELECTOR).click();\ncy.get(CORRECT_ALTERNATIVE_SELECTOR).click();\ncy.get(BUTTON_NEXT_QUESTION_SELECTOR).click();\ncy.get(CORRECT_ALTERNATIVE_SELECTOR).click();\ncy.get(BUTTON_NEXT_QUESTION_SELECTOR).click();\ncy.get(CORRECT_ALTERNATIVE_SELECTOR).click();\ncy.get(BUTTON_NEXT_QUESTION_SELECTOR).click();\ncy.get(CORRECT_ALTERNATIVE_SELECTOR).click();\ncy.get(BUTTON_NEXT_QUESTION_SELECTOR).click();\ncy.get(CORRECT_ALTERNATIVE_SELECTOR).click();\ncy.get(BUTTON_NEXT_QUESTION_SELECTOR).click();\ncy.get(BUTTON_RANKING_SELECTOR).click();\ncy.get(RANKING_PLAYERS_NAME_SELECTOR).should(function ($el) {\n  expect($el).to.have.lengthOf(2);\n});",
              "err": {},
              "uuid": "2e3f2d9e-f3b1-4445-900d-95d9329ab887",
              "parentUUID": "5d26ef1d-9d24-4c13-b895-4caadfecc3ff",
              "isHook": false,
              "skipped": true
            },
            {
              "title": "O _ranking_ deve ser ordenado pela pontuação",
              "fullTitle": "17 - [TELA DE RANKING] Crie a tela de _ranking_ O _ranking_ deve ser ordenado pela pontuação",
              "timedOut": null,
              "duration": 0,
              "state": "skipped",
              "speed": null,
              "pass": false,
              "fail": false,
              "pending": false,
              "context": null,
              "code": "cy.get(BUTTON_GO_HOME_SELECTOR).click();\ncy.get(INPUT_PLAYER_NAME_SELECTOR).clear();\ncy.get(INPUT_PLAYER_EMAIL_SELECTOR).clear();\ncy.get(INPUT_PLAYER_NAME_SELECTOR).type(name2);\ncy.get(INPUT_PLAYER_EMAIL_SELECTOR).type(email2);\ncy.get(BUTTON_PLAY_SELECTOR).click();\ncy.get(WRONG_ALTERNATIVES_SELECTOR).first().click();\ncy.get(BUTTON_NEXT_QUESTION_SELECTOR).click();\ncy.get(WRONG_ALTERNATIVES_SELECTOR).first().click();\ncy.get(BUTTON_NEXT_QUESTION_SELECTOR).click();\ncy.get(WRONG_ALTERNATIVES_SELECTOR).first().click();\ncy.get(BUTTON_NEXT_QUESTION_SELECTOR).click();\ncy.get(WRONG_ALTERNATIVES_SELECTOR).first().click();\ncy.get(BUTTON_NEXT_QUESTION_SELECTOR).click();\ncy.get(WRONG_ALTERNATIVES_SELECTOR).first().click();\ncy.get(BUTTON_NEXT_QUESTION_SELECTOR).click();\ncy.get(BUTTON_RANKING_SELECTOR).click();\ncy.get(BUTTON_GO_HOME_SELECTOR).click();\ncy.get(INPUT_PLAYER_NAME_SELECTOR).clear();\ncy.get(INPUT_PLAYER_EMAIL_SELECTOR).clear();\ncy.get(INPUT_PLAYER_NAME_SELECTOR).type(name3);\ncy.get(INPUT_PLAYER_EMAIL_SELECTOR).type(email3);\ncy.get(BUTTON_PLAY_SELECTOR).click();\ncy.get(CORRECT_ALTERNATIVE_SELECTOR).click();\ncy.get(BUTTON_NEXT_QUESTION_SELECTOR).click();\ncy.get(WRONG_ALTERNATIVES_SELECTOR).first().click();\ncy.get(BUTTON_NEXT_QUESTION_SELECTOR).click();\ncy.get(WRONG_ALTERNATIVES_SELECTOR).first().click();\ncy.get(BUTTON_NEXT_QUESTION_SELECTOR).click();\ncy.get(WRONG_ALTERNATIVES_SELECTOR).first().click();\ncy.get(BUTTON_NEXT_QUESTION_SELECTOR).click();\ncy.get(WRONG_ALTERNATIVES_SELECTOR).first().click();\ncy.get(BUTTON_NEXT_QUESTION_SELECTOR).click();\ncy.get(BUTTON_RANKING_SELECTOR).click();\nvar ranking = [name1, name3, name2];\ncy.get(RANKING_PLAYERS_NAME_SELECTOR).should(function ($el) {\n  expect($el).to.have.lengthOf(3);\n});\ncy.get(RANKING_PLAYERS_NAME_SELECTOR).each(function ($el, $index) {\n  expect($el.text()).to.be.eq(ranking[$index]);\n});",
              "err": {},
              "uuid": "7fbebb35-5467-4980-9a8f-e634a5b79cbd",
              "parentUUID": "5d26ef1d-9d24-4c13-b895-4caadfecc3ff",
              "isHook": false,
              "skipped": true
            }
          ],
          "suites": [],
          "passes": [],
          "failures": [
            "d05c7a7d-596c-4c9c-b53a-9424d92be4e9"
          ],
          "pending": [],
          "skipped": [
            "2e3f2d9e-f3b1-4445-900d-95d9329ab887",
            "7fbebb35-5467-4980-9a8f-e634a5b79cbd"
          ],
          "duration": 1324,
          "root": false,
          "rootEmpty": false,
          "_timeout": 2000
        },
        {
          "uuid": "29bf0bf6-4927-48d2-b7c8-27f1bcbd3fc9",
          "title": "18 - [TELA DE RANKING] Crie um botão para ir ao início",
          "fullFile": "",
          "file": "",
          "beforeHooks": [],
          "afterHooks": [],
          "tests": [
            {
              "title": "Volta para a tela inicial",
              "fullTitle": "18 - [TELA DE RANKING] Crie um botão para ir ao início Volta para a tela inicial",
              "timedOut": null,
              "duration": 1353,
              "state": "failed",
              "speed": null,
              "pass": false,
              "fail": true,
              "pending": false,
              "context": null,
              "code": "cy.visit('http://localhost:3000/');\ncy.clearLocalStorage();\ncy.get(INPUT_PLAYER_NAME_SELECTOR).type(name1);\ncy.get(INPUT_PLAYER_EMAIL_SELECTOR).type(email1);\ncy.get(BUTTON_PLAY_SELECTOR).click();\ncy.get(CORRECT_ALTERNATIVE_SELECTOR).click();\ncy.get(BUTTON_NEXT_QUESTION_SELECTOR).click();\ncy.get(CORRECT_ALTERNATIVE_SELECTOR).click();\ncy.get(BUTTON_NEXT_QUESTION_SELECTOR).click();\ncy.get(CORRECT_ALTERNATIVE_SELECTOR).click();\ncy.get(BUTTON_NEXT_QUESTION_SELECTOR).click();\ncy.get(CORRECT_ALTERNATIVE_SELECTOR).click();\ncy.get(BUTTON_NEXT_QUESTION_SELECTOR).click();\ncy.get(CORRECT_ALTERNATIVE_SELECTOR).click();\ncy.get(BUTTON_NEXT_QUESTION_SELECTOR).click();\ncy.get(BUTTON_RANKING_SELECTOR).click();\ncy.get(BUTTON_GO_HOME_SELECTOR).click();\ncy.get(INPUT_PLAYER_EMAIL_SELECTOR).should('exist');\nvar storage = Object.keys(localStorage).length;\nexpect(storage).to.be.lessThan(4);",
              "err": {
                "message": "CypressError: cy.click() can only be called on a single element. Your subject contained 5 elements. Pass { multiple: true } if you want to serially click each element.",
                "estack": "CypressError: cy.click() can only be called on a single element. Your subject contained 5 elements. Pass { multiple: true } if you want to serially click each element.\n    at Object.cypressErr (http://localhost:3000/__cypress/runner/cypress_runner.js:86206:11)\n    at Object.throwErr (http://localhost:3000/__cypress/runner/cypress_runner.js:86161:18)\n    at Object.throwErrByPath (http://localhost:3000/__cypress/runner/cypress_runner.js:86193:17)\n    at mouseAction (http://localhost:3000/__cypress/runner/cypress_runner.js:66570:14)\n    at Context.click (http://localhost:3000/__cypress/runner/cypress_runner.js:66713:14)\n    at Context.<anonymous> (http://localhost:3000/__cypress/runner/cypress_runner.js:81414:21)\n    at http://localhost:3000/__cypress/runner/cypress_runner.js:80892:33\n    at tryCatcher (http://localhost:3000/__cypress/runner/cypress_runner.js:120669:23)\n    at Promise._settlePromiseFromHandler (http://localhost:3000/__cypress/runner/cypress_runner.js:118605:31)\n    at Promise._settlePromise (http://localhost:3000/__cypress/runner/cypress_runner.js:118662:18)\n    at Promise._settlePromiseCtx (http://localhost:3000/__cypress/runner/cypress_runner.js:118699:10)\n    at Async../node_modules/bluebird/js/release/async.js.Async._drainQueue (http://localhost:3000/__cypress/runner/cypress_runner.js:115399:12)\n    at Async../node_modules/bluebird/js/release/async.js.Async._drainQueues (http://localhost:3000/__cypress/runner/cypress_runner.js:115404:10)\n    at Async.drainQueues (http://localhost:3000/__cypress/runner/cypress_runner.js:115278:14)",
                "diff": null
              },
              "uuid": "d820c757-3f7d-42ae-8413-1444126e2cb7",
              "parentUUID": "29bf0bf6-4927-48d2-b7c8-27f1bcbd3fc9",
              "isHook": false,
              "skipped": false
            }
          ],
          "suites": [],
          "passes": [],
          "failures": [
            "d820c757-3f7d-42ae-8413-1444126e2cb7"
          ],
          "pending": [],
          "skipped": [],
          "duration": 1353,
          "root": false,
          "rootEmpty": false,
          "_timeout": 2000
        }
      ],
      "passes": [],
      "failures": [],
      "pending": [],
      "skipped": [],
      "duration": 0,
      "root": true,
      "rootEmpty": true,
      "_timeout": 2000
    }
  ],
  "meta": {
    "mocha": {
      "version": "7.2.0"
    },
    "mochawesome": {
      "options": {
        "quiet": false,
        "reportFilename": "mochawesome",
        "saveHtml": false,
        "saveJson": true,
        "consoleReporter": "spec",
        "useInlineDiffs": false,
        "code": true
      },
      "version": "6.1.1"
    },
    "marge": {
      "options": {
        "id": "default",
        "reportDir": "cypress/reports",
        "overwrite": true,
        "html": false,
        "json": true
      },
      "version": "5.1.0"
    }
  }
}